九月 12, 2014 11:20:20 上午 org.apache.catalina.core.AprLifecycleListener init
INFO: The APR based Apache Tomcat Native library which allows optimal performance in production environments was not found on the java.library.path: /usr/local/lib:/usr/java/packages/lib/amd64:/usr/lib64:/lib64:/lib:/usr/lib
九月 12, 2014 11:20:21 上午 org.apache.coyote.AbstractProtocol init
INFO: Initializing ProtocolHandler ["http-bio-8080"]
九月 12, 2014 11:20:21 上午 org.apache.coyote.AbstractProtocol init
INFO: Initializing ProtocolHandler ["ajp-bio-8009"]
九月 12, 2014 11:20:21 上午 org.apache.catalina.startup.Catalina load
INFO: Initialization processed in 894 ms
九月 12, 2014 11:20:21 上午 org.apache.catalina.core.StandardService startInternal
INFO: Starting service Catalina
九月 12, 2014 11:20:21 上午 org.apache.catalina.core.StandardEngine startInternal
INFO: Starting Servlet Engine: Apache Tomcat/7.0.32
九月 12, 2014 11:20:21 上午 org.apache.catalina.startup.HostConfig deployDirectory
INFO: Deploying web application directory /home/oem/develop/webserver/apache-tomcat-7.0.32/webapps/manager
九月 12, 2014 11:20:21 上午 org.apache.catalina.startup.HostConfig deployDirectory
INFO: Deploying web application directory /home/oem/develop/webserver/apache-tomcat-7.0.32/webapps/examples
九月 12, 2014 11:20:21 上午 org.apache.catalina.startup.HostConfig deployDirectory
INFO: Deploying web application directory /home/oem/develop/webserver/apache-tomcat-7.0.32/webapps/ROOT
九月 12, 2014 11:20:21 上午 org.apache.catalina.startup.HostConfig deployDirectory
INFO: Deploying web application directory /home/oem/develop/webserver/apache-tomcat-7.0.32/webapps/docs
九月 12, 2014 11:20:21 上午 org.apache.catalina.startup.HostConfig deployDirectory
INFO: Deploying web application directory /home/oem/develop/webserver/apache-tomcat-7.0.32/webapps/host-manager
九月 12, 2014 11:20:21 上午 org.apache.coyote.AbstractProtocol start
INFO: Starting ProtocolHandler ["http-bio-8080"]
九月 12, 2014 11:20:21 上午 org.apache.coyote.AbstractProtocol start
INFO: Starting ProtocolHandler ["ajp-bio-8009"]
九月 12, 2014 11:20:21 上午 org.apache.catalina.startup.Catalina start
INFO: Server startup in 671 ms
九月 12, 2014 11:23:41 上午 org.apache.catalina.startup.HostConfig deployDirectory
INFO: Deploying web application directory /home/oem/develop/webserver/apache-tomcat-7.0.32/webapps/capture_data
九月 12, 2014 11:54:52 上午 org.apache.catalina.core.StandardServer await
INFO: A valid shutdown command was received via the shutdown port. Stopping the Server instance.
九月 12, 2014 11:54:52 上午 org.apache.coyote.AbstractProtocol pause
INFO: Pausing ProtocolHandler ["http-bio-8080"]
九月 12, 2014 11:54:52 上午 org.apache.coyote.AbstractProtocol pause
INFO: Pausing ProtocolHandler ["ajp-bio-8009"]
九月 12, 2014 11:54:52 上午 org.apache.catalina.core.StandardService stopInternal
INFO: Stopping service Catalina
九月 12, 2014 11:54:52 上午 org.apache.coyote.AbstractProtocol stop
INFO: Stopping ProtocolHandler ["http-bio-8080"]
九月 12, 2014 11:54:52 上午 org.apache.coyote.AbstractProtocol stop
INFO: Stopping ProtocolHandler ["ajp-bio-8009"]
九月 12, 2014 11:54:52 上午 org.apache.coyote.AbstractProtocol destroy
INFO: Destroying ProtocolHandler ["http-bio-8080"]
九月 12, 2014 11:54:52 上午 org.apache.coyote.AbstractProtocol destroy
INFO: Destroying ProtocolHandler ["ajp-bio-8009"]
九月 12, 2014 1:36:11 下午 org.apache.catalina.core.AprLifecycleListener init
INFO: The APR based Apache Tomcat Native library which allows optimal performance in production environments was not found on the java.library.path: /usr/local/lib:/usr/java/packages/lib/amd64:/usr/lib64:/lib64:/lib:/usr/lib
九月 12, 2014 1:36:11 下午 org.apache.coyote.AbstractProtocol init
INFO: Initializing ProtocolHandler ["http-bio-8080"]
九月 12, 2014 1:36:11 下午 org.apache.coyote.AbstractProtocol init
INFO: Initializing ProtocolHandler ["ajp-bio-8009"]
九月 12, 2014 1:36:11 下午 org.apache.catalina.startup.Catalina load
INFO: Initialization processed in 363 ms
九月 12, 2014 1:36:11 下午 org.apache.catalina.core.StandardService startInternal
INFO: Starting service Catalina
九月 12, 2014 1:36:11 下午 org.apache.catalina.core.StandardEngine startInternal
INFO: Starting Servlet Engine: Apache Tomcat/7.0.32
九月 12, 2014 1:36:11 下午 org.apache.catalina.startup.HostConfig deployDirectory
INFO: Deploying web application directory /home/oem/develop/webserver/apache-tomcat-7.0.32/webapps/manager
九月 12, 2014 1:36:11 下午 org.apache.catalina.startup.HostConfig deployDirectory
INFO: Deploying web application directory /home/oem/develop/webserver/apache-tomcat-7.0.32/webapps/examples
九月 12, 2014 1:36:12 下午 org.apache.catalina.startup.HostConfig deployDirectory
INFO: Deploying web application directory /home/oem/develop/webserver/apache-tomcat-7.0.32/webapps/capture_data
九月 12, 2014 1:36:12 下午 org.apache.catalina.startup.HostConfig deployDirectory
INFO: Deploying web application directory /home/oem/develop/webserver/apache-tomcat-7.0.32/webapps/ROOT
九月 12, 2014 1:36:12 下午 org.apache.catalina.startup.HostConfig deployDirectory
INFO: Deploying web application directory /home/oem/develop/webserver/apache-tomcat-7.0.32/webapps/docs
九月 12, 2014 1:36:12 下午 org.apache.catalina.startup.HostConfig deployDirectory
INFO: Deploying web application directory /home/oem/develop/webserver/apache-tomcat-7.0.32/webapps/host-manager
九月 12, 2014 1:36:12 下午 org.apache.coyote.AbstractProtocol start
INFO: Starting ProtocolHandler ["http-bio-8080"]
九月 12, 2014 1:36:12 下午 org.apache.coyote.AbstractProtocol start
INFO: Starting ProtocolHandler ["ajp-bio-8009"]
九月 12, 2014 1:36:12 下午 org.apache.catalina.startup.Catalina start
INFO: Server startup in 412 ms
九月 12, 2014 1:36:44 下午 org.apache.catalina.core.StandardServer await
INFO: A valid shutdown command was received via the shutdown port. Stopping the Server instance.
九月 12, 2014 1:36:44 下午 org.apache.coyote.AbstractProtocol pause
INFO: Pausing ProtocolHandler ["http-bio-8080"]
九月 12, 2014 1:36:44 下午 org.apache.coyote.AbstractProtocol pause
INFO: Pausing ProtocolHandler ["ajp-bio-8009"]
九月 12, 2014 1:36:44 下午 org.apache.catalina.core.StandardService stopInternal
INFO: Stopping service Catalina
九月 12, 2014 1:36:44 下午 org.apache.coyote.AbstractProtocol stop
INFO: Stopping ProtocolHandler ["http-bio-8080"]
九月 12, 2014 1:36:44 下午 org.apache.coyote.AbstractProtocol stop
INFO: Stopping ProtocolHandler ["ajp-bio-8009"]
九月 12, 2014 1:36:44 下午 org.apache.coyote.AbstractProtocol destroy
INFO: Destroying ProtocolHandler ["http-bio-8080"]
九月 12, 2014 1:36:44 下午 org.apache.coyote.AbstractProtocol destroy
INFO: Destroying ProtocolHandler ["ajp-bio-8009"]
九月 12, 2014 1:48:35 下午 org.apache.catalina.core.AprLifecycleListener init
INFO: The APR based Apache Tomcat Native library which allows optimal performance in production environments was not found on the java.library.path: /usr/local/lib:/usr/java/packages/lib/amd64:/usr/lib64:/lib64:/lib:/usr/lib
九月 12, 2014 1:48:35 下午 org.apache.coyote.AbstractProtocol init
INFO: Initializing ProtocolHandler ["http-bio-8080"]
九月 12, 2014 1:48:35 下午 org.apache.coyote.AbstractProtocol init
INFO: Initializing ProtocolHandler ["ajp-bio-8009"]
九月 12, 2014 1:48:35 下午 org.apache.catalina.startup.Catalina load
INFO: Initialization processed in 361 ms
九月 12, 2014 1:48:35 下午 org.apache.catalina.core.StandardService startInternal
INFO: Starting service Catalina
九月 12, 2014 1:48:35 下午 org.apache.catalina.core.StandardEngine startInternal
INFO: Starting Servlet Engine: Apache Tomcat/7.0.32
九月 12, 2014 1:48:35 下午 org.apache.catalina.startup.HostConfig deployDirectory
INFO: Deploying web application directory /home/oem/develop/webserver/apache-tomcat-7.0.32/webapps/manager
九月 12, 2014 1:48:35 下午 org.apache.catalina.startup.HostConfig deployDirectory
INFO: Deploying web application directory /home/oem/develop/webserver/apache-tomcat-7.0.32/webapps/examples
九月 12, 2014 1:48:35 下午 org.apache.catalina.startup.HostConfig deployDirectory
INFO: Deploying web application directory /home/oem/develop/webserver/apache-tomcat-7.0.32/webapps/capture_data
九月 12, 2014 1:48:35 下午 org.apache.catalina.startup.HostConfig deployDirectory
INFO: Deploying web application directory /home/oem/develop/webserver/apache-tomcat-7.0.32/webapps/ROOT
九月 12, 2014 1:48:35 下午 org.apache.catalina.startup.HostConfig deployDirectory
INFO: Deploying web application directory /home/oem/develop/webserver/apache-tomcat-7.0.32/webapps/docs
九月 12, 2014 1:48:35 下午 org.apache.catalina.startup.HostConfig deployDirectory
INFO: Deploying web application directory /home/oem/develop/webserver/apache-tomcat-7.0.32/webapps/host-manager
九月 12, 2014 1:48:35 下午 org.apache.coyote.AbstractProtocol start
INFO: Starting ProtocolHandler ["http-bio-8080"]
九月 12, 2014 1:48:35 下午 org.apache.coyote.AbstractProtocol start
INFO: Starting ProtocolHandler ["ajp-bio-8009"]
九月 12, 2014 1:48:35 下午 org.apache.catalina.startup.Catalina start
INFO: Server startup in 390 ms
九月 12, 2014 1:59:54 下午 org.apache.catalina.core.StandardServer await
INFO: A valid shutdown command was received via the shutdown port. Stopping the Server instance.
九月 12, 2014 1:59:54 下午 org.apache.coyote.AbstractProtocol pause
INFO: Pausing ProtocolHandler ["http-bio-8080"]
九月 12, 2014 1:59:55 下午 org.apache.coyote.AbstractProtocol pause
INFO: Pausing ProtocolHandler ["ajp-bio-8009"]
九月 12, 2014 1:59:55 下午 org.apache.catalina.core.StandardService stopInternal
INFO: Stopping service Catalina
九月 12, 2014 1:59:55 下午 org.apache.coyote.AbstractProtocol stop
INFO: Stopping ProtocolHandler ["http-bio-8080"]
九月 12, 2014 1:59:55 下午 org.apache.coyote.AbstractProtocol stop
INFO: Stopping ProtocolHandler ["ajp-bio-8009"]
九月 12, 2014 1:59:55 下午 org.apache.coyote.AbstractProtocol destroy
INFO: Destroying ProtocolHandler ["http-bio-8080"]
九月 12, 2014 1:59:55 下午 org.apache.coyote.AbstractProtocol destroy
INFO: Destroying ProtocolHandler ["ajp-bio-8009"]
