十月 15, 2012 9:53:51 下午 org.apache.catalina.core.AprLifecycleListener init
INFO: The APR based Apache Tomcat Native library which allows optimal performance in production environments was not found on the java.library.path: /usr/local/lib:/usr/java/packages/lib/amd64:/usr/lib64:/lib64:/lib:/usr/lib
十月 15, 2012 9:53:52 下午 org.apache.coyote.AbstractProtocol init
INFO: Initializing ProtocolHandler ["http-bio-8080"]
十月 15, 2012 9:53:52 下午 org.apache.coyote.AbstractProtocol init
INFO: Initializing ProtocolHandler ["ajp-bio-8009"]
十月 15, 2012 9:53:52 下午 org.apache.catalina.startup.Catalina load
INFO: Initialization processed in 1873 ms
十月 15, 2012 9:53:52 下午 org.apache.catalina.core.StandardService startInternal
INFO: Starting service Catalina
十月 15, 2012 9:53:52 下午 org.apache.catalina.core.StandardEngine startInternal
INFO: Starting Servlet Engine: Apache Tomcat/7.0.32
十月 15, 2012 9:53:52 下午 org.apache.catalina.startup.HostConfig deployDirectory
INFO: Deploying web application directory /home/lshain/develop/webserver/apache-tomcat-7.0.32/webapps/host-manager
十月 15, 2012 9:53:52 下午 org.apache.catalina.startup.HostConfig deployDirectory
INFO: Deploying web application directory /home/lshain/develop/webserver/apache-tomcat-7.0.32/webapps/manager
十月 15, 2012 9:53:53 下午 org.apache.catalina.startup.HostConfig deployDirectory
INFO: Deploying web application directory /home/lshain/develop/webserver/apache-tomcat-7.0.32/webapps/examples
十月 15, 2012 9:53:53 下午 org.apache.catalina.startup.HostConfig deployDirectory
INFO: Deploying web application directory /home/lshain/develop/webserver/apache-tomcat-7.0.32/webapps/ROOT
十月 15, 2012 9:53:53 下午 org.apache.catalina.startup.HostConfig deployDirectory
INFO: Deploying web application directory /home/lshain/develop/webserver/apache-tomcat-7.0.32/webapps/docs
十月 15, 2012 9:53:53 下午 org.apache.coyote.AbstractProtocol start
INFO: Starting ProtocolHandler ["http-bio-8080"]
十月 15, 2012 9:53:53 下午 org.apache.coyote.AbstractProtocol start
INFO: Starting ProtocolHandler ["ajp-bio-8009"]
十月 15, 2012 9:53:53 下午 org.apache.catalina.startup.Catalina start
INFO: Server startup in 794 ms
十月 15, 2012 9:53:59 下午 org.apache.catalina.core.StandardServer await
INFO: A valid shutdown command was received via the shutdown port. Stopping the Server instance.
十月 15, 2012 9:53:59 下午 org.apache.coyote.AbstractProtocol pause
INFO: Pausing ProtocolHandler ["http-bio-8080"]
十月 15, 2012 9:53:59 下午 org.apache.coyote.AbstractProtocol pause
INFO: Pausing ProtocolHandler ["ajp-bio-8009"]
十月 15, 2012 9:53:59 下午 org.apache.catalina.core.StandardService stopInternal
INFO: Stopping service Catalina
十月 15, 2012 9:53:59 下午 org.apache.coyote.AbstractProtocol stop
INFO: Stopping ProtocolHandler ["http-bio-8080"]
十月 15, 2012 9:53:59 下午 org.apache.coyote.AbstractProtocol stop
INFO: Stopping ProtocolHandler ["ajp-bio-8009"]
十月 15, 2012 9:53:59 下午 org.apache.coyote.AbstractProtocol destroy
INFO: Destroying ProtocolHandler ["http-bio-8080"]
十月 15, 2012 9:53:59 下午 org.apache.coyote.AbstractProtocol destroy
INFO: Destroying ProtocolHandler ["ajp-bio-8009"]
十月 15, 2012 9:54:02 下午 org.apache.catalina.core.AprLifecycleListener init
INFO: The APR based Apache Tomcat Native library which allows optimal performance in production environments was not found on the java.library.path: /usr/local/lib:/usr/java/packages/lib/amd64:/usr/lib64:/lib64:/lib:/usr/lib
十月 15, 2012 9:54:02 下午 org.apache.coyote.AbstractProtocol init
INFO: Initializing ProtocolHandler ["http-bio-8080"]
十月 15, 2012 9:54:02 下午 org.apache.coyote.AbstractProtocol init
INFO: Initializing ProtocolHandler ["ajp-bio-8009"]
十月 15, 2012 9:54:02 下午 org.apache.catalina.startup.Catalina load
INFO: Initialization processed in 557 ms
十月 15, 2012 9:54:02 下午 org.apache.catalina.core.StandardService startInternal
INFO: Starting service Catalina
十月 15, 2012 9:54:02 下午 org.apache.catalina.core.StandardEngine startInternal
INFO: Starting Servlet Engine: Apache Tomcat/7.0.32
十月 15, 2012 9:54:02 下午 org.apache.catalina.startup.HostConfig deployDirectory
INFO: Deploying web application directory /home/lshain/develop/webserver/apache-tomcat-7.0.32/webapps/host-manager
十月 15, 2012 9:54:03 下午 org.apache.catalina.util.SessionIdGenerator createSecureRandom
INFO: Creation of SecureRandom instance for session ID generation using [SHA1PRNG] took [498] milliseconds.
十月 15, 2012 9:54:03 下午 org.apache.catalina.startup.HostConfig deployDirectory
INFO: Deploying web application directory /home/lshain/develop/webserver/apache-tomcat-7.0.32/webapps/manager
十月 15, 2012 9:54:03 下午 org.apache.catalina.startup.HostConfig deployDirectory
INFO: Deploying web application directory /home/lshain/develop/webserver/apache-tomcat-7.0.32/webapps/examples
十月 15, 2012 9:54:03 下午 org.apache.catalina.startup.HostConfig deployDirectory
INFO: Deploying web application directory /home/lshain/develop/webserver/apache-tomcat-7.0.32/webapps/ROOT
十月 15, 2012 9:54:03 下午 org.apache.catalina.startup.HostConfig deployDirectory
INFO: Deploying web application directory /home/lshain/develop/webserver/apache-tomcat-7.0.32/webapps/docs
十月 15, 2012 9:54:03 下午 org.apache.coyote.AbstractProtocol start
INFO: Starting ProtocolHandler ["http-bio-8080"]
十月 15, 2012 9:54:03 下午 org.apache.coyote.AbstractProtocol start
INFO: Starting ProtocolHandler ["ajp-bio-8009"]
十月 15, 2012 9:54:03 下午 org.apache.catalina.startup.Catalina start
INFO: Server startup in 1104 ms
十月 15, 2012 9:54:23 下午 org.apache.catalina.core.StandardServer await
INFO: A valid shutdown command was received via the shutdown port. Stopping the Server instance.
十月 15, 2012 9:54:23 下午 org.apache.coyote.AbstractProtocol pause
INFO: Pausing ProtocolHandler ["http-bio-8080"]
十月 15, 2012 9:54:23 下午 org.apache.coyote.AbstractProtocol pause
INFO: Pausing ProtocolHandler ["ajp-bio-8009"]
十月 15, 2012 9:54:23 下午 org.apache.catalina.core.StandardService stopInternal
INFO: Stopping service Catalina
十月 15, 2012 9:54:23 下午 org.apache.coyote.AbstractProtocol stop
INFO: Stopping ProtocolHandler ["http-bio-8080"]
十月 15, 2012 9:54:23 下午 org.apache.coyote.AbstractProtocol stop
INFO: Stopping ProtocolHandler ["ajp-bio-8009"]
十月 15, 2012 9:54:23 下午 org.apache.coyote.AbstractProtocol destroy
INFO: Destroying ProtocolHandler ["http-bio-8080"]
十月 15, 2012 9:54:23 下午 org.apache.coyote.AbstractProtocol destroy
INFO: Destroying ProtocolHandler ["ajp-bio-8009"]
2014-7-7 14:42:27 org.apache.catalina.core.AprLifecycleListener init
信息: The APR based Apache Tomcat Native library which allows optimal performance in production environments was not found on the java.library.path: /home/oem/develop/Java/jdk1.6.0_37/jre/lib/amd64/server:/home/oem/develop/Java/jdk1.6.0_37/jre/lib/amd64:/home/oem/develop/Java/jdk1.6.0_37/jre/../lib/amd64:/usr/local/lib:/usr/java/packages/lib/amd64:/usr/lib64:/lib64:/lib:/usr/lib
2014-7-7 14:42:28 org.apache.coyote.AbstractProtocol init
信息: Initializing ProtocolHandler ["http-bio-8080"]
2014-7-7 14:42:28 org.apache.coyote.AbstractProtocol init
信息: Initializing ProtocolHandler ["ajp-bio-8009"]
2014-7-7 14:42:28 org.apache.catalina.startup.Catalina load
信息: Initialization processed in 1386 ms
2014-7-7 14:42:28 org.apache.catalina.core.StandardService startInternal
信息: Starting service Catalina
2014-7-7 14:42:28 org.apache.catalina.core.StandardEngine startInternal
信息: Starting Servlet Engine: Apache Tomcat/7.0.32
2014-7-7 14:42:28 org.apache.catalina.startup.HostConfig deployDirectory
信息: Deploying web application directory /home/oem/develop/webserver/apache-tomcat-7.0.32/webapps/manager
2014-7-7 14:42:29 org.apache.catalina.startup.HostConfig deployDirectory
信息: Deploying web application directory /home/oem/develop/webserver/apache-tomcat-7.0.32/webapps/examples
2014-7-7 14:42:29 org.apache.catalina.startup.HostConfig deployDirectory
信息: Deploying web application directory /home/oem/develop/webserver/apache-tomcat-7.0.32/webapps/ROOT
2014-7-7 14:42:29 org.apache.catalina.startup.HostConfig deployDirectory
信息: Deploying web application directory /home/oem/develop/webserver/apache-tomcat-7.0.32/webapps/docs
2014-7-7 14:42:29 org.apache.catalina.startup.HostConfig deployDirectory
信息: Deploying web application directory /home/oem/develop/webserver/apache-tomcat-7.0.32/webapps/host-manager
2014-7-7 14:42:29 org.apache.coyote.AbstractProtocol start
信息: Starting ProtocolHandler ["http-bio-8080"]
2014-7-7 14:42:29 org.apache.coyote.AbstractProtocol start
信息: Starting ProtocolHandler ["ajp-bio-8009"]
2014-7-7 14:42:29 org.apache.catalina.startup.Catalina start
信息: Server startup in 652 ms
2014-7-7 14:43:07 org.apache.catalina.core.StandardServer await
信息: A valid shutdown command was received via the shutdown port. Stopping the Server instance.
2014-7-7 14:43:07 org.apache.coyote.AbstractProtocol pause
信息: Pausing ProtocolHandler ["http-bio-8080"]
2014-7-7 14:43:07 org.apache.coyote.AbstractProtocol pause
信息: Pausing ProtocolHandler ["ajp-bio-8009"]
2014-7-7 14:43:07 org.apache.catalina.core.StandardService stopInternal
信息: Stopping service Catalina
2014-7-7 14:43:07 org.apache.coyote.AbstractProtocol stop
信息: Stopping ProtocolHandler ["http-bio-8080"]
2014-7-7 14:43:07 org.apache.coyote.AbstractProtocol stop
信息: Stopping ProtocolHandler ["ajp-bio-8009"]
2014-7-7 14:43:07 org.apache.coyote.AbstractProtocol destroy
信息: Destroying ProtocolHandler ["http-bio-8080"]
2014-7-7 14:43:07 org.apache.coyote.AbstractProtocol destroy
信息: Destroying ProtocolHandler ["ajp-bio-8009"]
2014-7-7 14:45:18 org.apache.catalina.core.AprLifecycleListener init
信息: The APR based Apache Tomcat Native library which allows optimal performance in production environments was not found on the java.library.path: /home/oem/develop/Java/jdk1.6.0_37/jre/lib/amd64/server:/home/oem/develop/Java/jdk1.6.0_37/jre/lib/amd64:/home/oem/develop/Java/jdk1.6.0_37/jre/../lib/amd64:/usr/local/lib:/usr/java/packages/lib/amd64:/usr/lib64:/lib64:/lib:/usr/lib
2014-7-7 14:45:19 org.apache.coyote.AbstractProtocol init
信息: Initializing ProtocolHandler ["http-bio-8080"]
2014-7-7 14:45:19 org.apache.coyote.AbstractProtocol init
信息: Initializing ProtocolHandler ["ajp-bio-8009"]
2014-7-7 14:45:19 org.apache.catalina.startup.Catalina load
信息: Initialization processed in 332 ms
2014-7-7 14:45:19 org.apache.catalina.core.StandardService startInternal
信息: Starting service Catalina
2014-7-7 14:45:19 org.apache.catalina.core.StandardEngine startInternal
信息: Starting Servlet Engine: Apache Tomcat/7.0.32
2014-7-7 14:45:19 org.apache.catalina.startup.HostConfig deployDirectory
信息: Deploying web application directory /home/oem/develop/webserver/apache-tomcat-7.0.32/webapps/manager
2014-7-7 14:45:19 org.apache.catalina.startup.HostConfig deployDirectory
信息: Deploying web application directory /home/oem/develop/webserver/apache-tomcat-7.0.32/webapps/opengrok
2014-7-7 14:45:19 org.apache.catalina.startup.HostConfig deployDirectory
信息: Deploying web application directory /home/oem/develop/webserver/apache-tomcat-7.0.32/webapps/examples
2014-7-7 14:45:19 org.apache.catalina.startup.HostConfig deployDirectory
信息: Deploying web application directory /home/oem/develop/webserver/apache-tomcat-7.0.32/webapps/ROOT
2014-7-7 14:45:19 org.apache.catalina.startup.HostConfig deployDirectory
信息: Deploying web application directory /home/oem/develop/webserver/apache-tomcat-7.0.32/webapps/docs
2014-7-7 14:45:19 org.apache.catalina.startup.HostConfig deployDirectory
信息: Deploying web application directory /home/oem/develop/webserver/apache-tomcat-7.0.32/webapps/host-manager
2014-7-7 14:45:19 org.apache.coyote.AbstractProtocol start
信息: Starting ProtocolHandler ["http-bio-8080"]
2014-7-7 14:45:19 org.apache.coyote.AbstractProtocol start
信息: Starting ProtocolHandler ["ajp-bio-8009"]
2014-7-7 14:45:19 org.apache.catalina.startup.Catalina start
信息: Server startup in 444 ms
2014-7-7 14:47:30 org.apache.catalina.startup.HostConfig deleteRedeployResources
信息: Undeploying context [/opengrok]
2014-7-7 14:47:30 org.apache.catalina.startup.HostConfig deployWAR
信息: Deploying web application archive /home/oem/develop/webserver/apache-tomcat-7.0.32/webapps/source.war
2014-7-7 14:47:30 org.apache.catalina.core.StandardContext startInternal
严重: Error listenerStart
2014-7-7 14:47:30 org.apache.catalina.core.StandardContext startInternal
严重: Context [/source] startup failed due to previous errors
2014-7-7 14:48:21 org.apache.catalina.startup.HostConfig deleteRedeployResources
信息: Undeploying context [/source]
2014-7-7 14:49:36 org.apache.catalina.core.StandardServer await
信息: A valid shutdown command was received via the shutdown port. Stopping the Server instance.
2014-7-7 14:49:36 org.apache.coyote.AbstractProtocol pause
信息: Pausing ProtocolHandler ["http-bio-8080"]
2014-7-7 14:49:37 org.apache.coyote.AbstractProtocol pause
信息: Pausing ProtocolHandler ["ajp-bio-8009"]
2014-7-7 14:49:37 org.apache.catalina.core.StandardService stopInternal
信息: Stopping service Catalina
2014-7-7 14:49:37 org.apache.coyote.AbstractProtocol stop
信息: Stopping ProtocolHandler ["http-bio-8080"]
2014-7-7 14:49:37 org.apache.coyote.AbstractProtocol stop
信息: Stopping ProtocolHandler ["ajp-bio-8009"]
2014-7-7 14:49:37 org.apache.coyote.AbstractProtocol destroy
信息: Destroying ProtocolHandler ["http-bio-8080"]
2014-7-7 14:49:37 org.apache.coyote.AbstractProtocol destroy
信息: Destroying ProtocolHandler ["ajp-bio-8009"]
七月 07, 2014 3:42:09 下午 org.apache.catalina.core.AprLifecycleListener init
INFO: The APR based Apache Tomcat Native library which allows optimal performance in production environments was not found on the java.library.path: /usr/local/lib:/usr/java/packages/lib/amd64:/usr/lib64:/lib64:/lib:/usr/lib
七月 07, 2014 3:42:09 下午 org.apache.coyote.AbstractProtocol init
INFO: Initializing ProtocolHandler ["http-bio-8080"]
七月 07, 2014 3:42:09 下午 org.apache.coyote.AbstractProtocol init
INFO: Initializing ProtocolHandler ["ajp-bio-8009"]
七月 07, 2014 3:42:09 下午 org.apache.catalina.startup.Catalina load
INFO: Initialization processed in 1213 ms
七月 07, 2014 3:42:09 下午 org.apache.catalina.core.StandardService startInternal
INFO: Starting service Catalina
七月 07, 2014 3:42:09 下午 org.apache.catalina.core.StandardEngine startInternal
INFO: Starting Servlet Engine: Apache Tomcat/7.0.32
七月 07, 2014 3:42:09 下午 org.apache.catalina.startup.HostConfig deployWAR
INFO: Deploying web application archive /home/oem/develop/webserver/apache-tomcat-7.0.32/webapps/opengrok.war
七月 07, 2014 3:42:10 下午 org.opensolaris.opengrok.web.WebappListener contextInitialized
WARNING: OpenGrok Configuration error. Failed to read config file: 
java.io.FileNotFoundException: /var/opengrok/etc/configuration.xml (没有那个文件或目录)
	at java.io.FileInputStream.open(Native Method)
	at java.io.FileInputStream.<init>(FileInputStream.java:138)
	at org.opensolaris.opengrok.configuration.Configuration.read(Configuration.java:776)
	at org.opensolaris.opengrok.configuration.RuntimeEnvironment.readConfiguration(RuntimeEnvironment.java:907)
	at org.opensolaris.opengrok.web.WebappListener.contextInitialized(WebappListener.java:58)
	at org.apache.catalina.core.StandardContext.listenerStart(StandardContext.java:4791)
	at org.apache.catalina.core.StandardContext.startInternal(StandardContext.java:5285)
	at org.apache.catalina.util.LifecycleBase.start(LifecycleBase.java:150)
	at org.apache.catalina.core.ContainerBase.addChildInternal(ContainerBase.java:901)
	at org.apache.catalina.core.ContainerBase.addChild(ContainerBase.java:877)
	at org.apache.catalina.core.StandardHost.addChild(StandardHost.java:633)
	at org.apache.catalina.startup.HostConfig.deployWAR(HostConfig.java:968)
	at org.apache.catalina.startup.HostConfig$DeployWar.run(HostConfig.java:1646)
	at java.util.concurrent.Executors$RunnableAdapter.call(Executors.java:471)
	at java.util.concurrent.FutureTask$Sync.innerRun(FutureTask.java:334)
	at java.util.concurrent.FutureTask.run(FutureTask.java:166)
	at java.util.concurrent.ThreadPoolExecutor.runWorker(ThreadPoolExecutor.java:1110)
	at java.util.concurrent.ThreadPoolExecutor$Worker.run(ThreadPoolExecutor.java:603)
	at java.lang.Thread.run(Thread.java:722)

七月 07, 2014 3:42:12 下午 org.apache.catalina.startup.HostConfig deployDirectory
INFO: Deploying web application directory /home/oem/develop/webserver/apache-tomcat-7.0.32/webapps/manager
七月 07, 2014 3:42:12 下午 org.apache.catalina.startup.HostConfig deployDirectory
INFO: Deploying web application directory /home/oem/develop/webserver/apache-tomcat-7.0.32/webapps/examples
七月 07, 2014 3:42:12 下午 org.apache.catalina.startup.HostConfig deployDirectory
INFO: Deploying web application directory /home/oem/develop/webserver/apache-tomcat-7.0.32/webapps/ROOT
七月 07, 2014 3:42:12 下午 org.apache.catalina.startup.HostConfig deployDirectory
INFO: Deploying web application directory /home/oem/develop/webserver/apache-tomcat-7.0.32/webapps/docs
七月 07, 2014 3:42:12 下午 org.apache.catalina.startup.HostConfig deployDirectory
INFO: Deploying web application directory /home/oem/develop/webserver/apache-tomcat-7.0.32/webapps/host-manager
七月 07, 2014 3:42:12 下午 org.apache.coyote.AbstractProtocol start
INFO: Starting ProtocolHandler ["http-bio-8080"]
七月 07, 2014 3:42:12 下午 org.apache.coyote.AbstractProtocol start
INFO: Starting ProtocolHandler ["ajp-bio-8009"]
七月 07, 2014 3:42:12 下午 org.apache.catalina.startup.Catalina start
INFO: Server startup in 2908 ms
七月 07, 2014 3:43:30 下午 org.apache.catalina.core.StandardServer await
INFO: A valid shutdown command was received via the shutdown port. Stopping the Server instance.
七月 07, 2014 3:43:30 下午 org.apache.coyote.AbstractProtocol pause
INFO: Pausing ProtocolHandler ["http-bio-8080"]
七月 07, 2014 3:43:31 下午 org.apache.coyote.AbstractProtocol pause
INFO: Pausing ProtocolHandler ["ajp-bio-8009"]
七月 07, 2014 3:43:31 下午 org.apache.catalina.core.StandardService stopInternal
INFO: Stopping service Catalina
七月 07, 2014 3:43:31 下午 org.opensolaris.opengrok.configuration.RuntimeEnvironment$4 run
SEVERE: Error reading config file: 
java.net.SocketException: Socket closed
	at java.net.PlainSocketImpl.socketAccept(Native Method)
	at java.net.AbstractPlainSocketImpl.accept(AbstractPlainSocketImpl.java:398)
	at java.net.ServerSocket.implAccept(ServerSocket.java:522)
	at java.net.ServerSocket.accept(ServerSocket.java:490)
	at org.opensolaris.opengrok.configuration.RuntimeEnvironment$4.run(RuntimeEnvironment.java:976)
	at java.lang.Thread.run(Thread.java:722)

七月 07, 2014 3:43:31 下午 org.apache.catalina.loader.WebappClassLoader checkThreadLocalMapForLeaks
SEVERE: The web application [/opengrok] created a ThreadLocal with key of type [org.opensolaris.opengrok.configuration.RuntimeEnvironment$3] (value [org.opensolaris.opengrok.configuration.RuntimeEnvironment$3@565489a1]) and a value of type [org.opensolaris.opengrok.configuration.Configuration] (value [org.opensolaris.opengrok.configuration.Configuration@4817d54e]) but failed to remove it when the web application was stopped. Threads are going to be renewed over time to try and avoid a probable memory leak.
七月 07, 2014 3:43:31 下午 org.apache.catalina.loader.WebappClassLoader checkThreadLocalMapForLeaks
SEVERE: The web application [/opengrok] created a ThreadLocal with key of type [org.opensolaris.opengrok.configuration.RuntimeEnvironment$3] (value [org.opensolaris.opengrok.configuration.RuntimeEnvironment$3@565489a1]) and a value of type [org.opensolaris.opengrok.configuration.Configuration] (value [org.opensolaris.opengrok.configuration.Configuration@4817d54e]) but failed to remove it when the web application was stopped. Threads are going to be renewed over time to try and avoid a probable memory leak.
七月 07, 2014 3:43:31 下午 org.apache.catalina.loader.WebappClassLoader checkThreadLocalMapForLeaks
SEVERE: The web application [/opengrok] created a ThreadLocal with key of type [org.opensolaris.opengrok.configuration.RuntimeEnvironment$3] (value [org.opensolaris.opengrok.configuration.RuntimeEnvironment$3@565489a1]) and a value of type [org.opensolaris.opengrok.configuration.Configuration] (value [org.opensolaris.opengrok.configuration.Configuration@4817d54e]) but failed to remove it when the web application was stopped. Threads are going to be renewed over time to try and avoid a probable memory leak.
七月 07, 2014 3:43:31 下午 org.apache.catalina.loader.WebappClassLoader checkThreadLocalMapForLeaks
SEVERE: The web application [/opengrok] created a ThreadLocal with key of type [org.opensolaris.opengrok.configuration.RuntimeEnvironment$3] (value [org.opensolaris.opengrok.configuration.RuntimeEnvironment$3@565489a1]) and a value of type [org.opensolaris.opengrok.configuration.Configuration] (value [org.opensolaris.opengrok.configuration.Configuration@4817d54e]) but failed to remove it when the web application was stopped. Threads are going to be renewed over time to try and avoid a probable memory leak.
七月 07, 2014 3:43:31 下午 org.apache.coyote.AbstractProtocol stop
INFO: Stopping ProtocolHandler ["http-bio-8080"]
七月 07, 2014 3:43:31 下午 org.apache.coyote.AbstractProtocol stop
INFO: Stopping ProtocolHandler ["ajp-bio-8009"]
七月 07, 2014 3:43:31 下午 org.apache.coyote.AbstractProtocol destroy
INFO: Destroying ProtocolHandler ["http-bio-8080"]
七月 07, 2014 3:43:31 下午 org.apache.coyote.AbstractProtocol destroy
INFO: Destroying ProtocolHandler ["ajp-bio-8009"]
2014-7-7 15:44:01 org.apache.catalina.core.AprLifecycleListener init
信息: The APR based Apache Tomcat Native library which allows optimal performance in production environments was not found on the java.library.path: /home/oem/develop/Java/jdk1.6.0_37/jre/lib/amd64/server:/home/oem/develop/Java/jdk1.6.0_37/jre/lib/amd64:/home/oem/develop/Java/jdk1.6.0_37/jre/../lib/amd64:/usr/local/lib:/usr/java/packages/lib/amd64:/usr/lib64:/lib64:/lib:/usr/lib
2014-7-7 15:44:02 org.apache.coyote.AbstractProtocol init
信息: Initializing ProtocolHandler ["http-bio-8080"]
2014-7-7 15:44:02 org.apache.coyote.AbstractProtocol init
信息: Initializing ProtocolHandler ["ajp-bio-8009"]
2014-7-7 15:44:02 org.apache.catalina.startup.Catalina load
信息: Initialization processed in 334 ms
2014-7-7 15:44:02 org.apache.catalina.core.StandardService startInternal
信息: Starting service Catalina
2014-7-7 15:44:02 org.apache.catalina.core.StandardEngine startInternal
信息: Starting Servlet Engine: Apache Tomcat/7.0.32
2014-7-7 15:44:02 org.apache.catalina.startup.HostConfig deployWAR
信息: Deploying web application archive /home/oem/develop/webserver/apache-tomcat-7.0.32/webapps/opengrok.war
2014-7-7 15:44:02 org.apache.catalina.core.StandardContext startInternal
严重: Error listenerStart
2014-7-7 15:44:02 org.apache.catalina.core.StandardContext startInternal
严重: Context [/opengrok] startup failed due to previous errors
2014-7-7 15:44:02 org.apache.catalina.startup.HostConfig deployDirectory
信息: Deploying web application directory /home/oem/develop/webserver/apache-tomcat-7.0.32/webapps/manager
2014-7-7 15:44:02 org.apache.catalina.startup.HostConfig deployDirectory
信息: Deploying web application directory /home/oem/develop/webserver/apache-tomcat-7.0.32/webapps/examples
2014-7-7 15:44:02 org.apache.catalina.startup.HostConfig deployDirectory
信息: Deploying web application directory /home/oem/develop/webserver/apache-tomcat-7.0.32/webapps/ROOT
2014-7-7 15:44:03 org.apache.catalina.startup.HostConfig deployDirectory
信息: Deploying web application directory /home/oem/develop/webserver/apache-tomcat-7.0.32/webapps/docs
2014-7-7 15:44:03 org.apache.catalina.startup.HostConfig deployDirectory
信息: Deploying web application directory /home/oem/develop/webserver/apache-tomcat-7.0.32/webapps/host-manager
2014-7-7 15:44:03 org.apache.coyote.AbstractProtocol start
信息: Starting ProtocolHandler ["http-bio-8080"]
2014-7-7 15:44:03 org.apache.coyote.AbstractProtocol start
信息: Starting ProtocolHandler ["ajp-bio-8009"]
2014-7-7 15:44:03 org.apache.catalina.startup.Catalina start
信息: Server startup in 921 ms
2014-7-7 15:44:47 org.apache.catalina.core.StandardServer await
信息: A valid shutdown command was received via the shutdown port. Stopping the Server instance.
2014-7-7 15:44:47 org.apache.coyote.AbstractProtocol pause
信息: Pausing ProtocolHandler ["http-bio-8080"]
2014-7-7 15:44:47 org.apache.coyote.AbstractProtocol pause
信息: Pausing ProtocolHandler ["ajp-bio-8009"]
2014-7-7 15:44:47 org.apache.catalina.core.StandardService stopInternal
信息: Stopping service Catalina
2014-7-7 15:44:47 org.apache.coyote.AbstractProtocol stop
信息: Stopping ProtocolHandler ["http-bio-8080"]
2014-7-7 15:44:47 org.apache.coyote.AbstractProtocol stop
信息: Stopping ProtocolHandler ["ajp-bio-8009"]
2014-7-7 15:44:47 org.apache.coyote.AbstractProtocol destroy
信息: Destroying ProtocolHandler ["http-bio-8080"]
2014-7-7 15:44:47 org.apache.coyote.AbstractProtocol destroy
信息: Destroying ProtocolHandler ["ajp-bio-8009"]
七月 07, 2014 3:44:56 下午 org.apache.catalina.core.AprLifecycleListener init
INFO: The APR based Apache Tomcat Native library which allows optimal performance in production environments was not found on the java.library.path: /usr/local/lib:/usr/java/packages/lib/amd64:/usr/lib64:/lib64:/lib:/usr/lib
七月 07, 2014 3:44:56 下午 org.apache.coyote.AbstractProtocol init
INFO: Initializing ProtocolHandler ["http-bio-8080"]
七月 07, 2014 3:44:56 下午 org.apache.coyote.AbstractProtocol init
INFO: Initializing ProtocolHandler ["ajp-bio-8009"]
七月 07, 2014 3:44:56 下午 org.apache.catalina.startup.Catalina load
INFO: Initialization processed in 373 ms
七月 07, 2014 3:44:56 下午 org.apache.catalina.core.StandardService startInternal
INFO: Starting service Catalina
七月 07, 2014 3:44:56 下午 org.apache.catalina.core.StandardEngine startInternal
INFO: Starting Servlet Engine: Apache Tomcat/7.0.32
七月 07, 2014 3:44:56 下午 org.apache.catalina.startup.HostConfig deployWAR
INFO: Deploying web application archive /home/oem/develop/webserver/apache-tomcat-7.0.32/webapps/opengrok.war
七月 07, 2014 3:44:57 下午 org.opensolaris.opengrok.web.WebappListener contextInitialized
WARNING: OpenGrok Configuration error. Failed to read config file: 
java.io.FileNotFoundException: /var/opengrok/etc/configuration.xml (没有那个文件或目录)
	at java.io.FileInputStream.open(Native Method)
	at java.io.FileInputStream.<init>(FileInputStream.java:138)
	at org.opensolaris.opengrok.configuration.Configuration.read(Configuration.java:776)
	at org.opensolaris.opengrok.configuration.RuntimeEnvironment.readConfiguration(RuntimeEnvironment.java:907)
	at org.opensolaris.opengrok.web.WebappListener.contextInitialized(WebappListener.java:58)
	at org.apache.catalina.core.StandardContext.listenerStart(StandardContext.java:4791)
	at org.apache.catalina.core.StandardContext.startInternal(StandardContext.java:5285)
	at org.apache.catalina.util.LifecycleBase.start(LifecycleBase.java:150)
	at org.apache.catalina.core.ContainerBase.addChildInternal(ContainerBase.java:901)
	at org.apache.catalina.core.ContainerBase.addChild(ContainerBase.java:877)
	at org.apache.catalina.core.StandardHost.addChild(StandardHost.java:633)
	at org.apache.catalina.startup.HostConfig.deployWAR(HostConfig.java:968)
	at org.apache.catalina.startup.HostConfig$DeployWar.run(HostConfig.java:1646)
	at java.util.concurrent.Executors$RunnableAdapter.call(Executors.java:471)
	at java.util.concurrent.FutureTask$Sync.innerRun(FutureTask.java:334)
	at java.util.concurrent.FutureTask.run(FutureTask.java:166)
	at java.util.concurrent.ThreadPoolExecutor.runWorker(ThreadPoolExecutor.java:1110)
	at java.util.concurrent.ThreadPoolExecutor$Worker.run(ThreadPoolExecutor.java:603)
	at java.lang.Thread.run(Thread.java:722)

七月 07, 2014 3:44:57 下午 org.apache.catalina.startup.HostConfig deployDirectory
INFO: Deploying web application directory /home/oem/develop/webserver/apache-tomcat-7.0.32/webapps/manager
七月 07, 2014 3:44:57 下午 org.apache.catalina.startup.HostConfig deployDirectory
INFO: Deploying web application directory /home/oem/develop/webserver/apache-tomcat-7.0.32/webapps/examples
七月 07, 2014 3:44:57 下午 org.apache.catalina.startup.HostConfig deployDirectory
INFO: Deploying web application directory /home/oem/develop/webserver/apache-tomcat-7.0.32/webapps/ROOT
七月 07, 2014 3:44:57 下午 org.apache.catalina.startup.HostConfig deployDirectory
INFO: Deploying web application directory /home/oem/develop/webserver/apache-tomcat-7.0.32/webapps/docs
七月 07, 2014 3:44:57 下午 org.apache.catalina.startup.HostConfig deployDirectory
INFO: Deploying web application directory /home/oem/develop/webserver/apache-tomcat-7.0.32/webapps/host-manager
七月 07, 2014 3:44:57 下午 org.apache.coyote.AbstractProtocol start
INFO: Starting ProtocolHandler ["http-bio-8080"]
七月 07, 2014 3:44:57 下午 org.apache.coyote.AbstractProtocol start
INFO: Starting ProtocolHandler ["ajp-bio-8009"]
七月 07, 2014 3:44:57 下午 org.apache.catalina.startup.Catalina start
INFO: Server startup in 910 ms
七月 07, 2014 4:05:55 下午 org.opensolaris.opengrok.configuration.RuntimeEnvironment$4 run
INFO: Configuration updated: /home/oem/android-code/kernel/flo_kernel
七月 07, 2014 4:08:14 下午 org.apache.coyote.AbstractProtocol pause
INFO: Pausing ProtocolHandler ["http-bio-8080"]
七月 07, 2014 4:08:14 下午 org.apache.coyote.AbstractProtocol pause
INFO: Pausing ProtocolHandler ["ajp-bio-8009"]
七月 07, 2014 4:08:14 下午 org.apache.catalina.core.StandardService stopInternal
INFO: Stopping service Catalina
七月 07, 2014 4:08:15 下午 org.opensolaris.opengrok.configuration.RuntimeEnvironment$4 run
SEVERE: Error reading config file: 
java.net.SocketException: Socket closed
	at java.net.PlainSocketImpl.socketAccept(Native Method)
	at java.net.AbstractPlainSocketImpl.accept(AbstractPlainSocketImpl.java:398)
	at java.net.ServerSocket.implAccept(ServerSocket.java:522)
	at java.net.ServerSocket.accept(ServerSocket.java:490)
	at org.opensolaris.opengrok.configuration.RuntimeEnvironment$4.run(RuntimeEnvironment.java:976)
	at java.lang.Thread.run(Thread.java:722)

七月 07, 2014 4:08:15 下午 org.apache.catalina.loader.WebappClassLoader checkThreadLocalMapForLeaks
SEVERE: The web application [/opengrok] created a ThreadLocal with key of type [org.opensolaris.opengrok.configuration.RuntimeEnvironment$3] (value [org.opensolaris.opengrok.configuration.RuntimeEnvironment$3@12731ffa]) and a value of type [org.opensolaris.opengrok.configuration.Configuration] (value [org.opensolaris.opengrok.configuration.Configuration@44385f8c]) but failed to remove it when the web application was stopped. Threads are going to be renewed over time to try and avoid a probable memory leak.
七月 07, 2014 4:08:15 下午 org.apache.catalina.loader.WebappClassLoader checkThreadLocalMapForLeaks
SEVERE: The web application [/opengrok] created a ThreadLocal with key of type [org.opensolaris.opengrok.configuration.RuntimeEnvironment$3] (value [org.opensolaris.opengrok.configuration.RuntimeEnvironment$3@12731ffa]) and a value of type [org.opensolaris.opengrok.configuration.Configuration] (value [org.opensolaris.opengrok.configuration.Configuration@51090351]) but failed to remove it when the web application was stopped. Threads are going to be renewed over time to try and avoid a probable memory leak.
七月 07, 2014 4:08:15 下午 org.apache.catalina.loader.WebappClassLoader checkThreadLocalMapForLeaks
SEVERE: The web application [/opengrok] created a ThreadLocal with key of type [org.opensolaris.opengrok.configuration.RuntimeEnvironment$3] (value [org.opensolaris.opengrok.configuration.RuntimeEnvironment$3@12731ffa]) and a value of type [org.opensolaris.opengrok.configuration.Configuration] (value [org.opensolaris.opengrok.configuration.Configuration@51090351]) but failed to remove it when the web application was stopped. Threads are going to be renewed over time to try and avoid a probable memory leak.
七月 07, 2014 4:08:15 下午 org.apache.coyote.AbstractProtocol stop
INFO: Stopping ProtocolHandler ["http-bio-8080"]
七月 07, 2014 4:08:15 下午 org.apache.coyote.AbstractProtocol stop
INFO: Stopping ProtocolHandler ["ajp-bio-8009"]
七月 07, 2014 4:08:15 下午 org.apache.coyote.AbstractProtocol destroy
INFO: Destroying ProtocolHandler ["http-bio-8080"]
七月 07, 2014 4:08:15 下午 org.apache.coyote.AbstractProtocol destroy
INFO: Destroying ProtocolHandler ["ajp-bio-8009"]
七月 07, 2014 4:09:55 下午 org.apache.catalina.core.AprLifecycleListener init
INFO: The APR based Apache Tomcat Native library which allows optimal performance in production environments was not found on the java.library.path: /usr/local/lib:/usr/java/packages/lib/amd64:/usr/lib64:/lib64:/lib:/usr/lib
七月 07, 2014 4:09:57 下午 org.apache.coyote.AbstractProtocol init
INFO: Initializing ProtocolHandler ["http-bio-8080"]
七月 07, 2014 4:09:57 下午 org.apache.coyote.AbstractProtocol init
INFO: Initializing ProtocolHandler ["ajp-bio-8009"]
七月 07, 2014 4:09:57 下午 org.apache.catalina.startup.Catalina load
INFO: Initialization processed in 2566 ms
七月 07, 2014 4:09:57 下午 org.apache.catalina.core.StandardService startInternal
INFO: Starting service Catalina
七月 07, 2014 4:09:57 下午 org.apache.catalina.core.StandardEngine startInternal
INFO: Starting Servlet Engine: Apache Tomcat/7.0.32
七月 07, 2014 4:09:57 下午 org.apache.catalina.startup.HostConfig deployWAR
INFO: Deploying web application archive /home/oem/develop/webserver/apache-tomcat-7.0.32/webapps/opengrok.war
七月 07, 2014 4:09:58 下午 org.opensolaris.opengrok.web.WebappListener contextInitialized
WARNING: OpenGrok Configuration error. Failed to read config file: 
java.io.FileNotFoundException: /var/opengrok/etc/configuration.xml (没有那个文件或目录)
	at java.io.FileInputStream.open(Native Method)
	at java.io.FileInputStream.<init>(FileInputStream.java:138)
	at org.opensolaris.opengrok.configuration.Configuration.read(Configuration.java:776)
	at org.opensolaris.opengrok.configuration.RuntimeEnvironment.readConfiguration(RuntimeEnvironment.java:907)
	at org.opensolaris.opengrok.web.WebappListener.contextInitialized(WebappListener.java:58)
	at org.apache.catalina.core.StandardContext.listenerStart(StandardContext.java:4791)
	at org.apache.catalina.core.StandardContext.startInternal(StandardContext.java:5285)
	at org.apache.catalina.util.LifecycleBase.start(LifecycleBase.java:150)
	at org.apache.catalina.core.ContainerBase.addChildInternal(ContainerBase.java:901)
	at org.apache.catalina.core.ContainerBase.addChild(ContainerBase.java:877)
	at org.apache.catalina.core.StandardHost.addChild(StandardHost.java:633)
	at org.apache.catalina.startup.HostConfig.deployWAR(HostConfig.java:968)
	at org.apache.catalina.startup.HostConfig$DeployWar.run(HostConfig.java:1646)
	at java.util.concurrent.Executors$RunnableAdapter.call(Executors.java:471)
	at java.util.concurrent.FutureTask$Sync.innerRun(FutureTask.java:334)
	at java.util.concurrent.FutureTask.run(FutureTask.java:166)
	at java.util.concurrent.ThreadPoolExecutor.runWorker(ThreadPoolExecutor.java:1110)
	at java.util.concurrent.ThreadPoolExecutor$Worker.run(ThreadPoolExecutor.java:603)
	at java.lang.Thread.run(Thread.java:722)

七月 07, 2014 4:09:58 下午 org.apache.catalina.startup.HostConfig deployDirectory
INFO: Deploying web application directory /home/oem/develop/webserver/apache-tomcat-7.0.32/webapps/manager
七月 07, 2014 4:09:58 下午 org.apache.catalina.startup.HostConfig deployDirectory
INFO: Deploying web application directory /home/oem/develop/webserver/apache-tomcat-7.0.32/webapps/examples
七月 07, 2014 4:09:59 下午 org.apache.catalina.startup.HostConfig deployDirectory
INFO: Deploying web application directory /home/oem/develop/webserver/apache-tomcat-7.0.32/webapps/ROOT
七月 07, 2014 4:09:59 下午 org.apache.catalina.startup.HostConfig deployDirectory
INFO: Deploying web application directory /home/oem/develop/webserver/apache-tomcat-7.0.32/webapps/docs
七月 07, 2014 4:09:59 下午 org.apache.catalina.startup.HostConfig deployDirectory
INFO: Deploying web application directory /home/oem/develop/webserver/apache-tomcat-7.0.32/webapps/host-manager
七月 07, 2014 4:09:59 下午 org.apache.coyote.AbstractProtocol start
INFO: Starting ProtocolHandler ["http-bio-8080"]
七月 07, 2014 4:09:59 下午 org.apache.coyote.AbstractProtocol start
INFO: Starting ProtocolHandler ["ajp-bio-8009"]
七月 07, 2014 4:09:59 下午 org.apache.catalina.startup.Catalina start
INFO: Server startup in 2192 ms
七月 07, 2014 4:11:39 下午 org.apache.catalina.startup.HostConfig checkResources
INFO: Reloading context [/opengrok]
七月 07, 2014 4:11:39 下午 org.apache.catalina.core.StandardContext reload
INFO: Reloading Context with name [/opengrok] has started
七月 07, 2014 4:11:39 下午 org.opensolaris.opengrok.configuration.RuntimeEnvironment$4 run
SEVERE: Error reading config file: 
java.net.SocketException: Socket closed
	at java.net.PlainSocketImpl.socketAccept(Native Method)
	at java.net.AbstractPlainSocketImpl.accept(AbstractPlainSocketImpl.java:398)
	at java.net.ServerSocket.implAccept(ServerSocket.java:522)
	at java.net.ServerSocket.accept(ServerSocket.java:490)
	at org.opensolaris.opengrok.configuration.RuntimeEnvironment$4.run(RuntimeEnvironment.java:976)
	at java.lang.Thread.run(Thread.java:722)

七月 07, 2014 4:11:39 下午 org.apache.catalina.loader.WebappClassLoader checkThreadLocalMapForLeaks
SEVERE: The web application [/opengrok] created a ThreadLocal with key of type [org.opensolaris.opengrok.configuration.RuntimeEnvironment$3] (value [org.opensolaris.opengrok.configuration.RuntimeEnvironment$3@7bf51a2f]) and a value of type [org.opensolaris.opengrok.configuration.Configuration] (value [org.opensolaris.opengrok.configuration.Configuration@188a433d]) but failed to remove it when the web application was stopped. Threads are going to be renewed over time to try and avoid a probable memory leak.
七月 07, 2014 4:11:39 下午 org.apache.catalina.loader.WebappClassLoader checkThreadLocalMapForLeaks
SEVERE: The web application [/opengrok] created a ThreadLocal with key of type [org.opensolaris.opengrok.configuration.RuntimeEnvironment$3] (value [org.opensolaris.opengrok.configuration.RuntimeEnvironment$3@7bf51a2f]) and a value of type [org.opensolaris.opengrok.configuration.Configuration] (value [org.opensolaris.opengrok.configuration.Configuration@188a433d]) but failed to remove it when the web application was stopped. Threads are going to be renewed over time to try and avoid a probable memory leak.
七月 07, 2014 4:11:39 下午 org.apache.catalina.loader.WebappClassLoader checkThreadLocalMapForLeaks
SEVERE: The web application [/opengrok] created a ThreadLocal with key of type [org.opensolaris.opengrok.configuration.RuntimeEnvironment$3] (value [org.opensolaris.opengrok.configuration.RuntimeEnvironment$3@7bf51a2f]) and a value of type [org.opensolaris.opengrok.configuration.Configuration] (value [org.opensolaris.opengrok.configuration.Configuration@188a433d]) but failed to remove it when the web application was stopped. Threads are going to be renewed over time to try and avoid a probable memory leak.
七月 07, 2014 4:11:40 下午 org.apache.catalina.core.StandardContext reload
INFO: Reloading Context with name [/opengrok] is completed
七月 07, 2014 4:22:38 下午 org.apache.catalina.core.StandardServer await
INFO: A valid shutdown command was received via the shutdown port. Stopping the Server instance.
七月 07, 2014 4:22:38 下午 org.apache.coyote.AbstractProtocol pause
INFO: Pausing ProtocolHandler ["http-bio-8080"]
七月 07, 2014 4:22:38 下午 org.apache.coyote.AbstractProtocol pause
INFO: Pausing ProtocolHandler ["ajp-bio-8009"]
七月 07, 2014 4:22:38 下午 org.apache.catalina.core.StandardService stopInternal
INFO: Stopping service Catalina
七月 07, 2014 4:22:38 下午 org.opensolaris.opengrok.configuration.RuntimeEnvironment$4 run
SEVERE: Error reading config file: 
java.net.SocketException: Socket closed
	at java.net.PlainSocketImpl.socketAccept(Native Method)
	at java.net.AbstractPlainSocketImpl.accept(AbstractPlainSocketImpl.java:398)
	at java.net.ServerSocket.implAccept(ServerSocket.java:522)
	at java.net.ServerSocket.accept(ServerSocket.java:490)
	at org.opensolaris.opengrok.configuration.RuntimeEnvironment$4.run(RuntimeEnvironment.java:976)
	at java.lang.Thread.run(Thread.java:722)

七月 07, 2014 4:22:38 下午 org.apache.catalina.loader.WebappClassLoader checkThreadLocalMapForLeaks
SEVERE: The web application [/opengrok] created a ThreadLocal with key of type [org.opensolaris.opengrok.configuration.RuntimeEnvironment$3] (value [org.opensolaris.opengrok.configuration.RuntimeEnvironment$3@4b45c74e]) and a value of type [org.opensolaris.opengrok.configuration.Configuration] (value [org.opensolaris.opengrok.configuration.Configuration@521ff87d]) but failed to remove it when the web application was stopped. Threads are going to be renewed over time to try and avoid a probable memory leak.
七月 07, 2014 4:22:38 下午 org.apache.catalina.loader.WebappClassLoader checkThreadLocalMapForLeaks
SEVERE: The web application [/opengrok] created a ThreadLocal with key of type [org.opensolaris.opengrok.configuration.RuntimeEnvironment$3] (value [org.opensolaris.opengrok.configuration.RuntimeEnvironment$3@4b45c74e]) and a value of type [org.opensolaris.opengrok.configuration.Configuration] (value [org.opensolaris.opengrok.configuration.Configuration@521ff87d]) but failed to remove it when the web application was stopped. Threads are going to be renewed over time to try and avoid a probable memory leak.
七月 07, 2014 4:22:38 下午 org.apache.catalina.loader.WebappClassLoader checkThreadLocalMapForLeaks
SEVERE: The web application [/opengrok] created a ThreadLocal with key of type [org.opensolaris.opengrok.configuration.RuntimeEnvironment$3] (value [org.opensolaris.opengrok.configuration.RuntimeEnvironment$3@4b45c74e]) and a value of type [org.opensolaris.opengrok.configuration.Configuration] (value [org.opensolaris.opengrok.configuration.Configuration@521ff87d]) but failed to remove it when the web application was stopped. Threads are going to be renewed over time to try and avoid a probable memory leak.
七月 07, 2014 4:22:38 下午 org.apache.catalina.loader.WebappClassLoader checkThreadLocalMapForLeaks
SEVERE: The web application [/opengrok] created a ThreadLocal with key of type [org.opensolaris.opengrok.configuration.RuntimeEnvironment$3] (value [org.opensolaris.opengrok.configuration.RuntimeEnvironment$3@4b45c74e]) and a value of type [org.opensolaris.opengrok.configuration.Configuration] (value [org.opensolaris.opengrok.configuration.Configuration@521ff87d]) but failed to remove it when the web application was stopped. Threads are going to be renewed over time to try and avoid a probable memory leak.
七月 07, 2014 4:22:38 下午 org.apache.catalina.loader.WebappClassLoader checkThreadLocalMapForLeaks
SEVERE: The web application [/opengrok] created a ThreadLocal with key of type [org.opensolaris.opengrok.configuration.RuntimeEnvironment$3] (value [org.opensolaris.opengrok.configuration.RuntimeEnvironment$3@4b45c74e]) and a value of type [org.opensolaris.opengrok.configuration.Configuration] (value [org.opensolaris.opengrok.configuration.Configuration@521ff87d]) but failed to remove it when the web application was stopped. Threads are going to be renewed over time to try and avoid a probable memory leak.
七月 07, 2014 4:22:38 下午 org.apache.catalina.loader.WebappClassLoader checkThreadLocalMapForLeaks
SEVERE: The web application [/opengrok] created a ThreadLocal with key of type [org.opensolaris.opengrok.configuration.RuntimeEnvironment$3] (value [org.opensolaris.opengrok.configuration.RuntimeEnvironment$3@4b45c74e]) and a value of type [org.opensolaris.opengrok.configuration.Configuration] (value [org.opensolaris.opengrok.configuration.Configuration@521ff87d]) but failed to remove it when the web application was stopped. Threads are going to be renewed over time to try and avoid a probable memory leak.
七月 07, 2014 4:22:38 下午 org.apache.coyote.AbstractProtocol stop
INFO: Stopping ProtocolHandler ["http-bio-8080"]
七月 07, 2014 4:22:38 下午 org.apache.coyote.AbstractProtocol stop
INFO: Stopping ProtocolHandler ["ajp-bio-8009"]
七月 07, 2014 4:22:38 下午 org.apache.coyote.AbstractProtocol destroy
INFO: Destroying ProtocolHandler ["http-bio-8080"]
七月 07, 2014 4:22:38 下午 org.apache.coyote.AbstractProtocol destroy
INFO: Destroying ProtocolHandler ["ajp-bio-8009"]
七月 07, 2014 5:27:23 下午 org.apache.catalina.core.AprLifecycleListener init
INFO: The APR based Apache Tomcat Native library which allows optimal performance in production environments was not found on the java.library.path: /usr/local/lib:/usr/java/packages/lib/amd64:/usr/lib64:/lib64:/lib:/usr/lib
七月 07, 2014 5:27:24 下午 org.apache.coyote.AbstractProtocol init
INFO: Initializing ProtocolHandler ["http-bio-8080"]
七月 07, 2014 5:27:24 下午 org.apache.coyote.AbstractProtocol init
INFO: Initializing ProtocolHandler ["ajp-bio-8009"]
七月 07, 2014 5:27:24 下午 org.apache.catalina.startup.Catalina load
INFO: Initialization processed in 2068 ms
七月 07, 2014 5:27:24 下午 org.apache.catalina.core.StandardService startInternal
INFO: Starting service Catalina
七月 07, 2014 5:27:24 下午 org.apache.catalina.core.StandardEngine startInternal
INFO: Starting Servlet Engine: Apache Tomcat/7.0.32
七月 07, 2014 5:27:24 下午 org.apache.catalina.startup.HostConfig deployWAR
INFO: Deploying web application archive /home/oem/develop/webserver/apache-tomcat-7.0.32/webapps/opengrok.war
七月 07, 2014 5:27:27 下午 org.apache.catalina.startup.HostConfig deployDirectory
INFO: Deploying web application directory /home/oem/develop/webserver/apache-tomcat-7.0.32/webapps/manager
七月 07, 2014 5:27:27 下午 org.apache.catalina.startup.HostConfig deployDirectory
INFO: Deploying web application directory /home/oem/develop/webserver/apache-tomcat-7.0.32/webapps/examples
七月 07, 2014 5:27:27 下午 org.apache.catalina.startup.HostConfig deployDirectory
INFO: Deploying web application directory /home/oem/develop/webserver/apache-tomcat-7.0.32/webapps/ROOT
七月 07, 2014 5:27:27 下午 org.apache.catalina.startup.HostConfig deployDirectory
INFO: Deploying web application directory /home/oem/develop/webserver/apache-tomcat-7.0.32/webapps/docs
七月 07, 2014 5:27:27 下午 org.apache.catalina.startup.HostConfig deployDirectory
INFO: Deploying web application directory /home/oem/develop/webserver/apache-tomcat-7.0.32/webapps/host-manager
七月 07, 2014 5:27:27 下午 org.apache.coyote.AbstractProtocol start
INFO: Starting ProtocolHandler ["http-bio-8080"]
七月 07, 2014 5:27:27 下午 org.apache.coyote.AbstractProtocol start
INFO: Starting ProtocolHandler ["ajp-bio-8009"]
七月 07, 2014 5:27:27 下午 org.apache.catalina.startup.Catalina start
INFO: Server startup in 2531 ms
七月 07, 2014 5:30:33 下午 org.apache.catalina.core.StandardServer await
INFO: A valid shutdown command was received via the shutdown port. Stopping the Server instance.
七月 07, 2014 5:30:33 下午 org.apache.coyote.AbstractProtocol pause
INFO: Pausing ProtocolHandler ["http-bio-8080"]
七月 07, 2014 5:30:33 下午 org.apache.coyote.AbstractProtocol pause
INFO: Pausing ProtocolHandler ["ajp-bio-8009"]
七月 07, 2014 5:30:33 下午 org.apache.catalina.core.StandardService stopInternal
INFO: Stopping service Catalina
七月 07, 2014 5:30:34 下午 org.opensolaris.opengrok.configuration.RuntimeEnvironment$4 run
SEVERE: Error reading config file: 
java.net.SocketException: Socket closed
	at java.net.PlainSocketImpl.socketAccept(Native Method)
	at java.net.AbstractPlainSocketImpl.accept(AbstractPlainSocketImpl.java:398)
	at java.net.ServerSocket.implAccept(ServerSocket.java:522)
	at java.net.ServerSocket.accept(ServerSocket.java:490)
	at org.opensolaris.opengrok.configuration.RuntimeEnvironment$4.run(RuntimeEnvironment.java:976)
	at java.lang.Thread.run(Thread.java:722)

七月 07, 2014 5:30:34 下午 org.apache.catalina.loader.WebappClassLoader clearReferencesThreads
SEVERE: The web application [/opengrok] appears to have started a thread named [Thread-738] but has failed to stop it. This is very likely to create a memory leak.
七月 07, 2014 5:30:34 下午 org.apache.catalina.loader.WebappClassLoader checkThreadLocalMapForLeaks
SEVERE: The web application [/opengrok] created a ThreadLocal with key of type [org.opensolaris.opengrok.configuration.RuntimeEnvironment$3] (value [org.opensolaris.opengrok.configuration.RuntimeEnvironment$3@6c83da6]) and a value of type [org.opensolaris.opengrok.configuration.Configuration] (value [org.opensolaris.opengrok.configuration.Configuration@444760c4]) but failed to remove it when the web application was stopped. Threads are going to be renewed over time to try and avoid a probable memory leak.
七月 07, 2014 5:30:34 下午 org.apache.catalina.loader.WebappClassLoader checkThreadLocalMapForLeaks
SEVERE: The web application [/opengrok] created a ThreadLocal with key of type [org.opensolaris.opengrok.configuration.RuntimeEnvironment$3] (value [org.opensolaris.opengrok.configuration.RuntimeEnvironment$3@6c83da6]) and a value of type [org.opensolaris.opengrok.configuration.Configuration] (value [org.opensolaris.opengrok.configuration.Configuration@444760c4]) but failed to remove it when the web application was stopped. Threads are going to be renewed over time to try and avoid a probable memory leak.
七月 07, 2014 5:30:34 下午 org.apache.catalina.loader.WebappClassLoader checkThreadLocalMapForLeaks
SEVERE: The web application [/opengrok] created a ThreadLocal with key of type [org.opensolaris.opengrok.configuration.RuntimeEnvironment$3] (value [org.opensolaris.opengrok.configuration.RuntimeEnvironment$3@6c83da6]) and a value of type [org.opensolaris.opengrok.configuration.Configuration] (value [org.opensolaris.opengrok.configuration.Configuration@444760c4]) but failed to remove it when the web application was stopped. Threads are going to be renewed over time to try and avoid a probable memory leak.
七月 07, 2014 5:30:34 下午 org.apache.catalina.loader.WebappClassLoader checkThreadLocalMapForLeaks
SEVERE: The web application [/opengrok] created a ThreadLocal with key of type [org.opensolaris.opengrok.configuration.RuntimeEnvironment$3] (value [org.opensolaris.opengrok.configuration.RuntimeEnvironment$3@6c83da6]) and a value of type [org.opensolaris.opengrok.configuration.Configuration] (value [org.opensolaris.opengrok.configuration.Configuration@444760c4]) but failed to remove it when the web application was stopped. Threads are going to be renewed over time to try and avoid a probable memory leak.
七月 07, 2014 5:30:34 下午 org.apache.coyote.AbstractProtocol stop
INFO: Stopping ProtocolHandler ["http-bio-8080"]
七月 07, 2014 5:30:34 下午 org.apache.coyote.AbstractProtocol stop
INFO: Stopping ProtocolHandler ["ajp-bio-8009"]
七月 07, 2014 5:30:34 下午 org.apache.coyote.AbstractProtocol destroy
INFO: Destroying ProtocolHandler ["http-bio-8080"]
七月 07, 2014 5:30:34 下午 org.apache.coyote.AbstractProtocol destroy
INFO: Destroying ProtocolHandler ["ajp-bio-8009"]
九月 12, 2014 11:20:20 上午 org.apache.catalina.core.AprLifecycleListener init
INFO: The APR based Apache Tomcat Native library which allows optimal performance in production environments was not found on the java.library.path: /usr/local/lib:/usr/java/packages/lib/amd64:/usr/lib64:/lib64:/lib:/usr/lib
九月 12, 2014 11:20:21 上午 org.apache.coyote.AbstractProtocol init
INFO: Initializing ProtocolHandler ["http-bio-8080"]
九月 12, 2014 11:20:21 上午 org.apache.coyote.AbstractProtocol init
INFO: Initializing ProtocolHandler ["ajp-bio-8009"]
九月 12, 2014 11:20:21 上午 org.apache.catalina.startup.Catalina load
INFO: Initialization processed in 894 ms
九月 12, 2014 11:20:21 上午 org.apache.catalina.core.StandardService startInternal
INFO: Starting service Catalina
九月 12, 2014 11:20:21 上午 org.apache.catalina.core.StandardEngine startInternal
INFO: Starting Servlet Engine: Apache Tomcat/7.0.32
九月 12, 2014 11:20:21 上午 org.apache.catalina.startup.HostConfig deployDirectory
INFO: Deploying web application directory /home/oem/develop/webserver/apache-tomcat-7.0.32/webapps/manager
九月 12, 2014 11:20:21 上午 org.apache.catalina.startup.HostConfig deployDirectory
INFO: Deploying web application directory /home/oem/develop/webserver/apache-tomcat-7.0.32/webapps/examples
九月 12, 2014 11:20:21 上午 org.apache.catalina.startup.HostConfig deployDirectory
INFO: Deploying web application directory /home/oem/develop/webserver/apache-tomcat-7.0.32/webapps/ROOT
九月 12, 2014 11:20:21 上午 org.apache.catalina.startup.HostConfig deployDirectory
INFO: Deploying web application directory /home/oem/develop/webserver/apache-tomcat-7.0.32/webapps/docs
九月 12, 2014 11:20:21 上午 org.apache.catalina.startup.HostConfig deployDirectory
INFO: Deploying web application directory /home/oem/develop/webserver/apache-tomcat-7.0.32/webapps/host-manager
九月 12, 2014 11:20:21 上午 org.apache.coyote.AbstractProtocol start
INFO: Starting ProtocolHandler ["http-bio-8080"]
九月 12, 2014 11:20:21 上午 org.apache.coyote.AbstractProtocol start
INFO: Starting ProtocolHandler ["ajp-bio-8009"]
九月 12, 2014 11:20:21 上午 org.apache.catalina.startup.Catalina start
INFO: Server startup in 671 ms
九月 12, 2014 11:23:41 上午 org.apache.catalina.startup.HostConfig deployDirectory
INFO: Deploying web application directory /home/oem/develop/webserver/apache-tomcat-7.0.32/webapps/capture_data
九月 12, 2014 11:54:52 上午 org.apache.catalina.core.StandardServer await
INFO: A valid shutdown command was received via the shutdown port. Stopping the Server instance.
九月 12, 2014 11:54:52 上午 org.apache.coyote.AbstractProtocol pause
INFO: Pausing ProtocolHandler ["http-bio-8080"]
九月 12, 2014 11:54:52 上午 org.apache.coyote.AbstractProtocol pause
INFO: Pausing ProtocolHandler ["ajp-bio-8009"]
九月 12, 2014 11:54:52 上午 org.apache.catalina.core.StandardService stopInternal
INFO: Stopping service Catalina
九月 12, 2014 11:54:52 上午 org.apache.coyote.AbstractProtocol stop
INFO: Stopping ProtocolHandler ["http-bio-8080"]
九月 12, 2014 11:54:52 上午 org.apache.coyote.AbstractProtocol stop
INFO: Stopping ProtocolHandler ["ajp-bio-8009"]
九月 12, 2014 11:54:52 上午 org.apache.coyote.AbstractProtocol destroy
INFO: Destroying ProtocolHandler ["http-bio-8080"]
九月 12, 2014 11:54:52 上午 org.apache.coyote.AbstractProtocol destroy
INFO: Destroying ProtocolHandler ["ajp-bio-8009"]
九月 12, 2014 1:36:11 下午 org.apache.catalina.core.AprLifecycleListener init
INFO: The APR based Apache Tomcat Native library which allows optimal performance in production environments was not found on the java.library.path: /usr/local/lib:/usr/java/packages/lib/amd64:/usr/lib64:/lib64:/lib:/usr/lib
九月 12, 2014 1:36:11 下午 org.apache.coyote.AbstractProtocol init
INFO: Initializing ProtocolHandler ["http-bio-8080"]
九月 12, 2014 1:36:11 下午 org.apache.coyote.AbstractProtocol init
INFO: Initializing ProtocolHandler ["ajp-bio-8009"]
九月 12, 2014 1:36:11 下午 org.apache.catalina.startup.Catalina load
INFO: Initialization processed in 363 ms
九月 12, 2014 1:36:11 下午 org.apache.catalina.core.StandardService startInternal
INFO: Starting service Catalina
九月 12, 2014 1:36:11 下午 org.apache.catalina.core.StandardEngine startInternal
INFO: Starting Servlet Engine: Apache Tomcat/7.0.32
九月 12, 2014 1:36:11 下午 org.apache.catalina.startup.HostConfig deployDirectory
INFO: Deploying web application directory /home/oem/develop/webserver/apache-tomcat-7.0.32/webapps/manager
九月 12, 2014 1:36:11 下午 org.apache.catalina.startup.HostConfig deployDirectory
INFO: Deploying web application directory /home/oem/develop/webserver/apache-tomcat-7.0.32/webapps/examples
九月 12, 2014 1:36:12 下午 org.apache.catalina.startup.HostConfig deployDirectory
INFO: Deploying web application directory /home/oem/develop/webserver/apache-tomcat-7.0.32/webapps/capture_data
九月 12, 2014 1:36:12 下午 org.apache.catalina.startup.HostConfig deployDirectory
INFO: Deploying web application directory /home/oem/develop/webserver/apache-tomcat-7.0.32/webapps/ROOT
九月 12, 2014 1:36:12 下午 org.apache.catalina.startup.HostConfig deployDirectory
INFO: Deploying web application directory /home/oem/develop/webserver/apache-tomcat-7.0.32/webapps/docs
九月 12, 2014 1:36:12 下午 org.apache.catalina.startup.HostConfig deployDirectory
INFO: Deploying web application directory /home/oem/develop/webserver/apache-tomcat-7.0.32/webapps/host-manager
九月 12, 2014 1:36:12 下午 org.apache.coyote.AbstractProtocol start
INFO: Starting ProtocolHandler ["http-bio-8080"]
九月 12, 2014 1:36:12 下午 org.apache.coyote.AbstractProtocol start
INFO: Starting ProtocolHandler ["ajp-bio-8009"]
九月 12, 2014 1:36:12 下午 org.apache.catalina.startup.Catalina start
INFO: Server startup in 412 ms
九月 12, 2014 1:36:44 下午 org.apache.catalina.core.StandardServer await
INFO: A valid shutdown command was received via the shutdown port. Stopping the Server instance.
九月 12, 2014 1:36:44 下午 org.apache.coyote.AbstractProtocol pause
INFO: Pausing ProtocolHandler ["http-bio-8080"]
九月 12, 2014 1:36:44 下午 org.apache.coyote.AbstractProtocol pause
INFO: Pausing ProtocolHandler ["ajp-bio-8009"]
九月 12, 2014 1:36:44 下午 org.apache.catalina.core.StandardService stopInternal
INFO: Stopping service Catalina
九月 12, 2014 1:36:44 下午 org.apache.coyote.AbstractProtocol stop
INFO: Stopping ProtocolHandler ["http-bio-8080"]
九月 12, 2014 1:36:44 下午 org.apache.coyote.AbstractProtocol stop
INFO: Stopping ProtocolHandler ["ajp-bio-8009"]
九月 12, 2014 1:36:44 下午 org.apache.coyote.AbstractProtocol destroy
INFO: Destroying ProtocolHandler ["http-bio-8080"]
九月 12, 2014 1:36:44 下午 org.apache.coyote.AbstractProtocol destroy
INFO: Destroying ProtocolHandler ["ajp-bio-8009"]
九月 12, 2014 1:48:35 下午 org.apache.catalina.core.AprLifecycleListener init
INFO: The APR based Apache Tomcat Native library which allows optimal performance in production environments was not found on the java.library.path: /usr/local/lib:/usr/java/packages/lib/amd64:/usr/lib64:/lib64:/lib:/usr/lib
九月 12, 2014 1:48:35 下午 org.apache.coyote.AbstractProtocol init
INFO: Initializing ProtocolHandler ["http-bio-8080"]
九月 12, 2014 1:48:35 下午 org.apache.coyote.AbstractProtocol init
INFO: Initializing ProtocolHandler ["ajp-bio-8009"]
九月 12, 2014 1:48:35 下午 org.apache.catalina.startup.Catalina load
INFO: Initialization processed in 361 ms
九月 12, 2014 1:48:35 下午 org.apache.catalina.core.StandardService startInternal
INFO: Starting service Catalina
九月 12, 2014 1:48:35 下午 org.apache.catalina.core.StandardEngine startInternal
INFO: Starting Servlet Engine: Apache Tomcat/7.0.32
九月 12, 2014 1:48:35 下午 org.apache.catalina.startup.HostConfig deployDirectory
INFO: Deploying web application directory /home/oem/develop/webserver/apache-tomcat-7.0.32/webapps/manager
九月 12, 2014 1:48:35 下午 org.apache.catalina.startup.HostConfig deployDirectory
INFO: Deploying web application directory /home/oem/develop/webserver/apache-tomcat-7.0.32/webapps/examples
九月 12, 2014 1:48:35 下午 org.apache.catalina.startup.HostConfig deployDirectory
INFO: Deploying web application directory /home/oem/develop/webserver/apache-tomcat-7.0.32/webapps/capture_data
九月 12, 2014 1:48:35 下午 org.apache.catalina.startup.HostConfig deployDirectory
INFO: Deploying web application directory /home/oem/develop/webserver/apache-tomcat-7.0.32/webapps/ROOT
九月 12, 2014 1:48:35 下午 org.apache.catalina.startup.HostConfig deployDirectory
INFO: Deploying web application directory /home/oem/develop/webserver/apache-tomcat-7.0.32/webapps/docs
九月 12, 2014 1:48:35 下午 org.apache.catalina.startup.HostConfig deployDirectory
INFO: Deploying web application directory /home/oem/develop/webserver/apache-tomcat-7.0.32/webapps/host-manager
九月 12, 2014 1:48:35 下午 org.apache.coyote.AbstractProtocol start
INFO: Starting ProtocolHandler ["http-bio-8080"]
九月 12, 2014 1:48:35 下午 org.apache.coyote.AbstractProtocol start
INFO: Starting ProtocolHandler ["ajp-bio-8009"]
九月 12, 2014 1:48:35 下午 org.apache.catalina.startup.Catalina start
INFO: Server startup in 390 ms
九月 12, 2014 1:59:54 下午 org.apache.catalina.core.StandardServer await
INFO: A valid shutdown command was received via the shutdown port. Stopping the Server instance.
九月 12, 2014 1:59:54 下午 org.apache.coyote.AbstractProtocol pause
INFO: Pausing ProtocolHandler ["http-bio-8080"]
九月 12, 2014 1:59:55 下午 org.apache.coyote.AbstractProtocol pause
INFO: Pausing ProtocolHandler ["ajp-bio-8009"]
九月 12, 2014 1:59:55 下午 org.apache.catalina.core.StandardService stopInternal
INFO: Stopping service Catalina
九月 12, 2014 1:59:55 下午 org.apache.coyote.AbstractProtocol stop
INFO: Stopping ProtocolHandler ["http-bio-8080"]
九月 12, 2014 1:59:55 下午 org.apache.coyote.AbstractProtocol stop
INFO: Stopping ProtocolHandler ["ajp-bio-8009"]
九月 12, 2014 1:59:55 下午 org.apache.coyote.AbstractProtocol destroy
INFO: Destroying ProtocolHandler ["http-bio-8080"]
九月 12, 2014 1:59:55 下午 org.apache.coyote.AbstractProtocol destroy
INFO: Destroying ProtocolHandler ["ajp-bio-8009"]
一月 24, 2015 3:52:15 下午 org.apache.catalina.core.AprLifecycleListener init
INFO: The APR based Apache Tomcat Native library which allows optimal performance in production environments was not found on the java.library.path: /usr/local/lib:/usr/java/packages/lib/amd64:/usr/lib64:/lib64:/lib:/usr/lib
一月 24, 2015 3:52:15 下午 org.apache.coyote.AbstractProtocol init
INFO: Initializing ProtocolHandler ["http-bio-8080"]
一月 24, 2015 3:52:15 下午 org.apache.coyote.AbstractProtocol init
INFO: Initializing ProtocolHandler ["ajp-bio-8009"]
一月 24, 2015 3:52:15 下午 org.apache.catalina.startup.Catalina load
INFO: Initialization processed in 381 ms
一月 24, 2015 3:52:15 下午 org.apache.catalina.core.StandardService startInternal
INFO: Starting service Catalina
一月 24, 2015 3:52:15 下午 org.apache.catalina.core.StandardEngine startInternal
INFO: Starting Servlet Engine: Apache Tomcat/7.0.32
一月 24, 2015 3:52:15 下午 org.apache.catalina.startup.HostConfig deployDirectory
INFO: Deploying web application directory /home/oem/develop/webserver/apache-tomcat-7.0.32/webapps/ROOT
一月 24, 2015 3:52:15 下午 org.apache.catalina.startup.HostConfig deployDirectory
INFO: Deploying web application directory /home/oem/develop/webserver/apache-tomcat-7.0.32/webapps/examples
一月 24, 2015 3:52:15 下午 org.apache.catalina.startup.HostConfig deployDirectory
INFO: Deploying web application directory /home/oem/develop/webserver/apache-tomcat-7.0.32/webapps/host-manager
一月 24, 2015 3:52:15 下午 org.apache.catalina.startup.HostConfig deployDirectory
INFO: Deploying web application directory /home/oem/develop/webserver/apache-tomcat-7.0.32/webapps/docs
一月 24, 2015 3:52:15 下午 org.apache.catalina.startup.HostConfig deployDirectory
INFO: Deploying web application directory /home/oem/develop/webserver/apache-tomcat-7.0.32/webapps/manager
一月 24, 2015 3:52:15 下午 org.apache.coyote.AbstractProtocol start
INFO: Starting ProtocolHandler ["http-bio-8080"]
一月 24, 2015 3:52:15 下午 org.apache.coyote.AbstractProtocol start
INFO: Starting ProtocolHandler ["ajp-bio-8009"]
一月 24, 2015 3:52:15 下午 org.apache.catalina.startup.Catalina start
INFO: Server startup in 704 ms
一月 24, 2015 3:52:29 下午 org.apache.catalina.core.StandardServer await
INFO: A valid shutdown command was received via the shutdown port. Stopping the Server instance.
一月 24, 2015 3:52:29 下午 org.apache.coyote.AbstractProtocol pause
INFO: Pausing ProtocolHandler ["http-bio-8080"]
一月 24, 2015 3:52:29 下午 org.apache.coyote.AbstractProtocol pause
INFO: Pausing ProtocolHandler ["ajp-bio-8009"]
一月 24, 2015 3:52:29 下午 org.apache.catalina.core.StandardService stopInternal
INFO: Stopping service Catalina
一月 24, 2015 3:52:29 下午 org.apache.coyote.AbstractProtocol stop
INFO: Stopping ProtocolHandler ["http-bio-8080"]
一月 24, 2015 3:52:29 下午 org.apache.coyote.AbstractProtocol stop
INFO: Stopping ProtocolHandler ["ajp-bio-8009"]
一月 24, 2015 3:52:29 下午 org.apache.coyote.AbstractProtocol destroy
INFO: Destroying ProtocolHandler ["http-bio-8080"]
一月 24, 2015 3:52:29 下午 org.apache.coyote.AbstractProtocol destroy
INFO: Destroying ProtocolHandler ["ajp-bio-8009"]
五月 31, 2015 1:40:10 下午 org.apache.catalina.core.AprLifecycleListener init
INFO: The APR based Apache Tomcat Native library which allows optimal performance in production environments was not found on the java.library.path: /usr/local/lib:/usr/java/packages/lib/amd64:/usr/lib64:/lib64:/lib:/usr/lib
五月 31, 2015 1:40:11 下午 org.apache.coyote.AbstractProtocol init
INFO: Initializing ProtocolHandler ["http-bio-8080"]
五月 31, 2015 1:40:11 下午 org.apache.coyote.AbstractProtocol init
INFO: Initializing ProtocolHandler ["ajp-bio-8009"]
五月 31, 2015 1:40:11 下午 org.apache.catalina.startup.Catalina load
INFO: Initialization processed in 1831 ms
五月 31, 2015 1:40:11 下午 org.apache.catalina.core.StandardService startInternal
INFO: Starting service Catalina
五月 31, 2015 1:40:11 下午 org.apache.catalina.core.StandardEngine startInternal
INFO: Starting Servlet Engine: Apache Tomcat/7.0.32
五月 31, 2015 1:40:11 下午 org.apache.catalina.startup.HostConfig deployDirectory
INFO: Deploying web application directory /home/oem/develop/webserver/apache-tomcat-7.0.32/webapps/examples
五月 31, 2015 1:40:12 下午 org.apache.catalina.startup.HostConfig deployDirectory
INFO: Deploying web application directory /home/oem/develop/webserver/apache-tomcat-7.0.32/webapps/manager
五月 31, 2015 1:40:12 下午 org.apache.catalina.startup.HostConfig deployDirectory
INFO: Deploying web application directory /home/oem/develop/webserver/apache-tomcat-7.0.32/webapps/docs
五月 31, 2015 1:40:12 下午 org.apache.catalina.startup.HostConfig deployDirectory
INFO: Deploying web application directory /home/oem/develop/webserver/apache-tomcat-7.0.32/webapps/ROOT
五月 31, 2015 1:40:12 下午 org.apache.catalina.startup.HostConfig deployDirectory
INFO: Deploying web application directory /home/oem/develop/webserver/apache-tomcat-7.0.32/webapps/host-manager
五月 31, 2015 1:40:12 下午 org.apache.coyote.AbstractProtocol start
INFO: Starting ProtocolHandler ["http-bio-8080"]
五月 31, 2015 1:40:12 下午 org.apache.coyote.AbstractProtocol start
INFO: Starting ProtocolHandler ["ajp-bio-8009"]
五月 31, 2015 1:40:12 下午 org.apache.catalina.startup.Catalina start
INFO: Server startup in 725 ms
五月 31, 2015 1:44:10 下午 org.apache.catalina.core.StandardServer await
INFO: A valid shutdown command was received via the shutdown port. Stopping the Server instance.
五月 31, 2015 1:44:10 下午 org.apache.coyote.AbstractProtocol pause
INFO: Pausing ProtocolHandler ["http-bio-8080"]
五月 31, 2015 1:44:10 下午 org.apache.coyote.AbstractProtocol pause
INFO: Pausing ProtocolHandler ["ajp-bio-8009"]
五月 31, 2015 1:44:10 下午 org.apache.catalina.core.StandardService stopInternal
INFO: Stopping service Catalina
五月 31, 2015 1:44:10 下午 org.apache.coyote.AbstractProtocol stop
INFO: Stopping ProtocolHandler ["http-bio-8080"]
五月 31, 2015 1:44:10 下午 org.apache.coyote.AbstractProtocol stop
INFO: Stopping ProtocolHandler ["ajp-bio-8009"]
五月 31, 2015 1:44:10 下午 org.apache.coyote.AbstractProtocol destroy
INFO: Destroying ProtocolHandler ["http-bio-8080"]
五月 31, 2015 1:44:10 下午 org.apache.coyote.AbstractProtocol destroy
INFO: Destroying ProtocolHandler ["ajp-bio-8009"]
五月 31, 2015 1:44:16 下午 org.apache.catalina.core.AprLifecycleListener init
INFO: The APR based Apache Tomcat Native library which allows optimal performance in production environments was not found on the java.library.path: /usr/local/lib:/usr/java/packages/lib/amd64:/usr/lib64:/lib64:/lib:/usr/lib
五月 31, 2015 1:44:16 下午 org.apache.coyote.AbstractProtocol init
INFO: Initializing ProtocolHandler ["http-bio-8080"]
五月 31, 2015 1:44:16 下午 org.apache.coyote.AbstractProtocol init
INFO: Initializing ProtocolHandler ["ajp-bio-8009"]
五月 31, 2015 1:44:16 下午 org.apache.catalina.startup.Catalina load
INFO: Initialization processed in 413 ms
五月 31, 2015 1:44:16 下午 org.apache.catalina.core.StandardService startInternal
INFO: Starting service Catalina
五月 31, 2015 1:44:16 下午 org.apache.catalina.core.StandardEngine startInternal
INFO: Starting Servlet Engine: Apache Tomcat/7.0.32
五月 31, 2015 1:44:16 下午 org.apache.catalina.startup.HostConfig deployDirectory
INFO: Deploying web application directory /home/oem/develop/webserver/apache-tomcat-7.0.32/webapps/examples
五月 31, 2015 1:44:16 下午 org.apache.catalina.startup.HostConfig deployDirectory
INFO: Deploying web application directory /home/oem/develop/webserver/apache-tomcat-7.0.32/webapps/manager
五月 31, 2015 1:44:16 下午 org.apache.catalina.startup.HostConfig deployDirectory
INFO: Deploying web application directory /home/oem/develop/webserver/apache-tomcat-7.0.32/webapps/docs
五月 31, 2015 1:44:16 下午 org.apache.catalina.startup.HostConfig deployDirectory
INFO: Deploying web application directory /home/oem/develop/webserver/apache-tomcat-7.0.32/webapps/ROOT
五月 31, 2015 1:44:16 下午 org.apache.catalina.startup.HostConfig deployDirectory
INFO: Deploying web application directory /home/oem/develop/webserver/apache-tomcat-7.0.32/webapps/host-manager
五月 31, 2015 1:44:16 下午 org.apache.coyote.AbstractProtocol start
INFO: Starting ProtocolHandler ["http-bio-8080"]
五月 31, 2015 1:44:16 下午 org.apache.coyote.AbstractProtocol start
INFO: Starting ProtocolHandler ["ajp-bio-8009"]
五月 31, 2015 1:44:16 下午 org.apache.catalina.startup.Catalina start
INFO: Server startup in 447 ms
五月 31, 2015 1:50:49 下午 org.apache.catalina.core.StandardServer await
INFO: A valid shutdown command was received via the shutdown port. Stopping the Server instance.
五月 31, 2015 1:50:49 下午 org.apache.coyote.AbstractProtocol pause
INFO: Pausing ProtocolHandler ["http-bio-8080"]
五月 31, 2015 1:50:49 下午 org.apache.coyote.AbstractProtocol pause
INFO: Pausing ProtocolHandler ["ajp-bio-8009"]
五月 31, 2015 1:50:49 下午 org.apache.catalina.core.StandardService stopInternal
INFO: Stopping service Catalina
五月 31, 2015 1:50:49 下午 org.apache.coyote.AbstractProtocol stop
INFO: Stopping ProtocolHandler ["http-bio-8080"]
五月 31, 2015 1:50:49 下午 org.apache.coyote.AbstractProtocol stop
INFO: Stopping ProtocolHandler ["ajp-bio-8009"]
五月 31, 2015 1:50:49 下午 org.apache.coyote.AbstractProtocol destroy
INFO: Destroying ProtocolHandler ["http-bio-8080"]
五月 31, 2015 1:50:49 下午 org.apache.coyote.AbstractProtocol destroy
INFO: Destroying ProtocolHandler ["ajp-bio-8009"]
五月 31, 2015 1:51:01 下午 org.apache.catalina.core.AprLifecycleListener init
INFO: The APR based Apache Tomcat Native library which allows optimal performance in production environments was not found on the java.library.path: /usr/local/lib:/usr/java/packages/lib/amd64:/usr/lib64:/lib64:/lib:/usr/lib
五月 31, 2015 1:51:01 下午 org.apache.coyote.AbstractProtocol init
INFO: Initializing ProtocolHandler ["http-bio-8080"]
五月 31, 2015 1:51:01 下午 org.apache.coyote.AbstractProtocol init
INFO: Initializing ProtocolHandler ["ajp-bio-8009"]
五月 31, 2015 1:51:01 下午 org.apache.catalina.startup.Catalina load
INFO: Initialization processed in 412 ms
五月 31, 2015 1:51:01 下午 org.apache.catalina.core.StandardService startInternal
INFO: Starting service Catalina
五月 31, 2015 1:51:01 下午 org.apache.catalina.core.StandardEngine startInternal
INFO: Starting Servlet Engine: Apache Tomcat/7.0.32
五月 31, 2015 1:51:01 下午 org.apache.catalina.startup.HostConfig deployDirectory
INFO: Deploying web application directory /home/oem/develop/webserver/apache-tomcat-7.0.32/webapps/examples
五月 31, 2015 1:51:02 下午 org.apache.catalina.startup.HostConfig deployDirectory
INFO: Deploying web application directory /home/oem/develop/webserver/apache-tomcat-7.0.32/webapps/manager
五月 31, 2015 1:51:02 下午 org.apache.catalina.startup.HostConfig deployDirectory
INFO: Deploying web application directory /home/oem/develop/webserver/apache-tomcat-7.0.32/webapps/docs
五月 31, 2015 1:51:02 下午 org.apache.catalina.startup.HostConfig deployDirectory
INFO: Deploying web application directory /home/oem/develop/webserver/apache-tomcat-7.0.32/webapps/ROOT
五月 31, 2015 1:51:02 下午 org.apache.catalina.startup.HostConfig deployDirectory
INFO: Deploying web application directory /home/oem/develop/webserver/apache-tomcat-7.0.32/webapps/host-manager
五月 31, 2015 1:51:02 下午 org.apache.coyote.AbstractProtocol start
INFO: Starting ProtocolHandler ["http-bio-8080"]
五月 31, 2015 1:51:02 下午 org.apache.coyote.AbstractProtocol start
INFO: Starting ProtocolHandler ["ajp-bio-8009"]
五月 31, 2015 1:51:02 下午 org.apache.catalina.startup.Catalina start
INFO: Server startup in 449 ms
五月 31, 2015 2:01:20 下午 org.apache.catalina.core.StandardServer await
INFO: A valid shutdown command was received via the shutdown port. Stopping the Server instance.
五月 31, 2015 2:01:20 下午 org.apache.coyote.AbstractProtocol pause
INFO: Pausing ProtocolHandler ["http-bio-8080"]
五月 31, 2015 2:01:20 下午 org.apache.coyote.AbstractProtocol pause
INFO: Pausing ProtocolHandler ["ajp-bio-8009"]
五月 31, 2015 2:01:20 下午 org.apache.catalina.core.StandardService stopInternal
INFO: Stopping service Catalina
五月 31, 2015 2:01:20 下午 org.apache.coyote.AbstractProtocol stop
INFO: Stopping ProtocolHandler ["http-bio-8080"]
五月 31, 2015 2:01:20 下午 org.apache.coyote.AbstractProtocol stop
INFO: Stopping ProtocolHandler ["ajp-bio-8009"]
五月 31, 2015 2:01:20 下午 org.apache.coyote.AbstractProtocol destroy
INFO: Destroying ProtocolHandler ["http-bio-8080"]
五月 31, 2015 2:01:20 下午 org.apache.coyote.AbstractProtocol destroy
INFO: Destroying ProtocolHandler ["ajp-bio-8009"]
五月 31, 2015 2:02:15 下午 org.apache.catalina.core.AprLifecycleListener init
INFO: The APR based Apache Tomcat Native library which allows optimal performance in production environments was not found on the java.library.path: /usr/local/lib:/usr/java/packages/lib/amd64:/usr/lib64:/lib64:/lib:/usr/lib
五月 31, 2015 2:02:15 下午 org.apache.coyote.AbstractProtocol init
INFO: Initializing ProtocolHandler ["http-bio-8080"]
五月 31, 2015 2:02:15 下午 org.apache.coyote.AbstractProtocol init
INFO: Initializing ProtocolHandler ["ajp-bio-8009"]
五月 31, 2015 2:02:15 下午 org.apache.catalina.startup.Catalina load
INFO: Initialization processed in 456 ms
五月 31, 2015 2:02:15 下午 org.apache.catalina.core.StandardService startInternal
INFO: Starting service Catalina
五月 31, 2015 2:02:15 下午 org.apache.catalina.core.StandardEngine startInternal
INFO: Starting Servlet Engine: Apache Tomcat/7.0.32
五月 31, 2015 2:02:15 下午 org.apache.catalina.startup.HostConfig deployDirectory
INFO: Deploying web application directory /home/oem/develop/webserver/apache-tomcat-7.0.32/webapps/examples
五月 31, 2015 2:02:16 下午 org.apache.catalina.startup.HostConfig deployDirectory
INFO: Deploying web application directory /home/oem/develop/webserver/apache-tomcat-7.0.32/webapps/manager
五月 31, 2015 2:02:16 下午 org.apache.catalina.startup.HostConfig deployDirectory
INFO: Deploying web application directory /home/oem/develop/webserver/apache-tomcat-7.0.32/webapps/docs
五月 31, 2015 2:02:16 下午 org.apache.catalina.startup.HostConfig deployDirectory
INFO: Deploying web application directory /home/oem/develop/webserver/apache-tomcat-7.0.32/webapps/ROOT
五月 31, 2015 2:02:16 下午 org.apache.catalina.startup.HostConfig deployDirectory
INFO: Deploying web application directory /home/oem/develop/webserver/apache-tomcat-7.0.32/webapps/host-manager
五月 31, 2015 2:02:16 下午 org.apache.coyote.AbstractProtocol start
INFO: Starting ProtocolHandler ["http-bio-8080"]
五月 31, 2015 2:02:16 下午 org.apache.coyote.AbstractProtocol start
INFO: Starting ProtocolHandler ["ajp-bio-8009"]
五月 31, 2015 2:02:16 下午 org.apache.catalina.startup.Catalina start
INFO: Server startup in 492 ms
五月 31, 2015 2:02:55 下午 org.apache.catalina.core.StandardServer await
INFO: A valid shutdown command was received via the shutdown port. Stopping the Server instance.
五月 31, 2015 2:02:55 下午 org.apache.coyote.AbstractProtocol pause
INFO: Pausing ProtocolHandler ["http-bio-8080"]
五月 31, 2015 2:02:55 下午 org.apache.coyote.AbstractProtocol pause
INFO: Pausing ProtocolHandler ["ajp-bio-8009"]
五月 31, 2015 2:02:55 下午 org.apache.catalina.core.StandardService stopInternal
INFO: Stopping service Catalina
五月 31, 2015 2:02:55 下午 org.apache.coyote.AbstractProtocol stop
INFO: Stopping ProtocolHandler ["http-bio-8080"]
五月 31, 2015 2:02:55 下午 org.apache.coyote.AbstractProtocol stop
INFO: Stopping ProtocolHandler ["ajp-bio-8009"]
五月 31, 2015 2:02:55 下午 org.apache.coyote.AbstractProtocol destroy
INFO: Destroying ProtocolHandler ["http-bio-8080"]
五月 31, 2015 2:02:55 下午 org.apache.coyote.AbstractProtocol destroy
INFO: Destroying ProtocolHandler ["ajp-bio-8009"]
五月 31, 2015 2:02:57 下午 org.apache.catalina.core.AprLifecycleListener init
INFO: The APR based Apache Tomcat Native library which allows optimal performance in production environments was not found on the java.library.path: /usr/local/lib:/usr/java/packages/lib/amd64:/usr/lib64:/lib64:/lib:/usr/lib
五月 31, 2015 2:02:58 下午 org.apache.coyote.AbstractProtocol init
INFO: Initializing ProtocolHandler ["http-bio-8080"]
五月 31, 2015 2:02:58 下午 org.apache.coyote.AbstractProtocol init
INFO: Initializing ProtocolHandler ["ajp-bio-8009"]
五月 31, 2015 2:02:58 下午 org.apache.catalina.startup.Catalina load
INFO: Initialization processed in 408 ms
五月 31, 2015 2:02:58 下午 org.apache.catalina.core.StandardService startInternal
INFO: Starting service Catalina
五月 31, 2015 2:02:58 下午 org.apache.catalina.core.StandardEngine startInternal
INFO: Starting Servlet Engine: Apache Tomcat/7.0.32
五月 31, 2015 2:02:58 下午 org.apache.catalina.startup.HostConfig deployDirectory
INFO: Deploying web application directory /home/oem/develop/webserver/apache-tomcat-7.0.32/webapps/examples
五月 31, 2015 2:02:58 下午 org.apache.catalina.startup.HostConfig deployDirectory
INFO: Deploying web application directory /home/oem/develop/webserver/apache-tomcat-7.0.32/webapps/manager
五月 31, 2015 2:02:58 下午 org.apache.catalina.startup.HostConfig deployDirectory
INFO: Deploying web application directory /home/oem/develop/webserver/apache-tomcat-7.0.32/webapps/docs
五月 31, 2015 2:02:58 下午 org.apache.catalina.startup.HostConfig deployDirectory
INFO: Deploying web application directory /home/oem/develop/webserver/apache-tomcat-7.0.32/webapps/ROOT
五月 31, 2015 2:02:58 下午 org.apache.catalina.startup.HostConfig deployDirectory
INFO: Deploying web application directory /home/oem/develop/webserver/apache-tomcat-7.0.32/webapps/host-manager
五月 31, 2015 2:02:58 下午 org.apache.coyote.AbstractProtocol start
INFO: Starting ProtocolHandler ["http-bio-8080"]
五月 31, 2015 2:02:58 下午 org.apache.coyote.AbstractProtocol start
INFO: Starting ProtocolHandler ["ajp-bio-8009"]
五月 31, 2015 2:02:58 下午 org.apache.catalina.startup.Catalina start
INFO: Server startup in 504 ms
五月 31, 2015 2:03:20 下午 org.apache.catalina.core.StandardServer await
INFO: A valid shutdown command was received via the shutdown port. Stopping the Server instance.
五月 31, 2015 2:03:20 下午 org.apache.coyote.AbstractProtocol pause
INFO: Pausing ProtocolHandler ["http-bio-8080"]
五月 31, 2015 2:03:20 下午 org.apache.coyote.AbstractProtocol pause
INFO: Pausing ProtocolHandler ["ajp-bio-8009"]
五月 31, 2015 2:03:20 下午 org.apache.catalina.core.StandardService stopInternal
INFO: Stopping service Catalina
五月 31, 2015 2:03:20 下午 org.apache.coyote.AbstractProtocol stop
INFO: Stopping ProtocolHandler ["http-bio-8080"]
五月 31, 2015 2:03:20 下午 org.apache.coyote.AbstractProtocol stop
INFO: Stopping ProtocolHandler ["ajp-bio-8009"]
五月 31, 2015 2:03:20 下午 org.apache.coyote.AbstractProtocol destroy
INFO: Destroying ProtocolHandler ["http-bio-8080"]
五月 31, 2015 2:03:20 下午 org.apache.coyote.AbstractProtocol destroy
INFO: Destroying ProtocolHandler ["ajp-bio-8009"]
Jul 11, 2015 2:44:40 AM org.apache.catalina.core.AprLifecycleListener init
INFO: The APR based Apache Tomcat Native library which allows optimal performance in production environments was not found on the java.library.path: /usr/java/packages/lib/amd64:/usr/lib64:/lib64:/lib:/usr/lib
Jul 11, 2015 2:44:40 AM org.apache.coyote.AbstractProtocol init
INFO: Initializing ProtocolHandler ["http-bio-80"]
Jul 11, 2015 2:44:40 AM org.apache.coyote.AbstractProtocol init
SEVERE: Failed to initialize end point associated with ProtocolHandler ["http-bio-80"]
java.net.BindException: Permission denied <null>:80
	at org.apache.tomcat.util.net.JIoEndpoint.bind(JIoEndpoint.java:406)
	at org.apache.tomcat.util.net.AbstractEndpoint.init(AbstractEndpoint.java:610)
	at org.apache.coyote.AbstractProtocol.init(AbstractProtocol.java:429)
	at org.apache.coyote.http11.AbstractHttp11JsseProtocol.init(AbstractHttp11JsseProtocol.java:119)
	at org.apache.catalina.connector.Connector.initInternal(Connector.java:981)
	at org.apache.catalina.util.LifecycleBase.init(LifecycleBase.java:102)
	at org.apache.catalina.core.StandardService.initInternal(StandardService.java:559)
	at org.apache.catalina.util.LifecycleBase.init(LifecycleBase.java:102)
	at org.apache.catalina.core.StandardServer.initInternal(StandardServer.java:814)
	at org.apache.catalina.util.LifecycleBase.init(LifecycleBase.java:102)
	at org.apache.catalina.startup.Catalina.load(Catalina.java:633)
	at org.apache.catalina.startup.Catalina.load(Catalina.java:658)
	at sun.reflect.NativeMethodAccessorImpl.invoke0(Native Method)
	at sun.reflect.NativeMethodAccessorImpl.invoke(NativeMethodAccessorImpl.java:57)
	at sun.reflect.DelegatingMethodAccessorImpl.invoke(DelegatingMethodAccessorImpl.java:43)
	at java.lang.reflect.Method.invoke(Method.java:601)
	at org.apache.catalina.startup.Bootstrap.load(Bootstrap.java:281)
	at org.apache.catalina.startup.Bootstrap.main(Bootstrap.java:450)
Caused by: java.net.BindException: Permission denied
	at java.net.PlainSocketImpl.socketBind(Native Method)
	at java.net.AbstractPlainSocketImpl.bind(AbstractPlainSocketImpl.java:376)
	at java.net.ServerSocket.bind(ServerSocket.java:376)
	at java.net.ServerSocket.<init>(ServerSocket.java:237)
	at java.net.ServerSocket.<init>(ServerSocket.java:181)
	at org.apache.tomcat.util.net.DefaultServerSocketFactory.createSocket(DefaultServerSocketFactory.java:49)
	at org.apache.tomcat.util.net.JIoEndpoint.bind(JIoEndpoint.java:393)
	... 17 more

Jul 11, 2015 2:44:40 AM org.apache.catalina.core.StandardService initInternal
SEVERE: Failed to initialize connector [Connector[HTTP/1.1-80]]
org.apache.catalina.LifecycleException: Failed to initialize component [Connector[HTTP/1.1-80]]
	at org.apache.catalina.util.LifecycleBase.init(LifecycleBase.java:106)
	at org.apache.catalina.core.StandardService.initInternal(StandardService.java:559)
	at org.apache.catalina.util.LifecycleBase.init(LifecycleBase.java:102)
	at org.apache.catalina.core.StandardServer.initInternal(StandardServer.java:814)
	at org.apache.catalina.util.LifecycleBase.init(LifecycleBase.java:102)
	at org.apache.catalina.startup.Catalina.load(Catalina.java:633)
	at org.apache.catalina.startup.Catalina.load(Catalina.java:658)
	at sun.reflect.NativeMethodAccessorImpl.invoke0(Native Method)
	at sun.reflect.NativeMethodAccessorImpl.invoke(NativeMethodAccessorImpl.java:57)
	at sun.reflect.DelegatingMethodAccessorImpl.invoke(DelegatingMethodAccessorImpl.java:43)
	at java.lang.reflect.Method.invoke(Method.java:601)
	at org.apache.catalina.startup.Bootstrap.load(Bootstrap.java:281)
	at org.apache.catalina.startup.Bootstrap.main(Bootstrap.java:450)
Caused by: org.apache.catalina.LifecycleException: Protocol handler initialization failed
	at org.apache.catalina.connector.Connector.initInternal(Connector.java:983)
	at org.apache.catalina.util.LifecycleBase.init(LifecycleBase.java:102)
	... 12 more
Caused by: java.net.BindException: Permission denied <null>:80
	at org.apache.tomcat.util.net.JIoEndpoint.bind(JIoEndpoint.java:406)
	at org.apache.tomcat.util.net.AbstractEndpoint.init(AbstractEndpoint.java:610)
	at org.apache.coyote.AbstractProtocol.init(AbstractProtocol.java:429)
	at org.apache.coyote.http11.AbstractHttp11JsseProtocol.init(AbstractHttp11JsseProtocol.java:119)
	at org.apache.catalina.connector.Connector.initInternal(Connector.java:981)
	... 13 more
Caused by: java.net.BindException: Permission denied
	at java.net.PlainSocketImpl.socketBind(Native Method)
	at java.net.AbstractPlainSocketImpl.bind(AbstractPlainSocketImpl.java:376)
	at java.net.ServerSocket.bind(ServerSocket.java:376)
	at java.net.ServerSocket.<init>(ServerSocket.java:237)
	at java.net.ServerSocket.<init>(ServerSocket.java:181)
	at org.apache.tomcat.util.net.DefaultServerSocketFactory.createSocket(DefaultServerSocketFactory.java:49)
	at org.apache.tomcat.util.net.JIoEndpoint.bind(JIoEndpoint.java:393)
	... 17 more

Jul 11, 2015 2:44:40 AM org.apache.coyote.AbstractProtocol init
INFO: Initializing ProtocolHandler ["ajp-bio-8009"]
Jul 11, 2015 2:44:40 AM org.apache.catalina.startup.Catalina load
INFO: Initialization processed in 1194 ms
Jul 11, 2015 2:44:40 AM org.apache.catalina.core.StandardService startInternal
INFO: Starting service Catalina
Jul 11, 2015 2:44:40 AM org.apache.catalina.core.StandardEngine startInternal
INFO: Starting Servlet Engine: Apache Tomcat/7.0.32
Jul 11, 2015 2:44:40 AM org.apache.catalina.startup.HostConfig deployDirectory
INFO: Deploying web application directory /home/lt/d_s/game_data/NumberBabyLianMeng
Jul 11, 2015 2:44:41 AM org.apache.coyote.AbstractProtocol start
INFO: Starting ProtocolHandler ["ajp-bio-8009"]
Jul 11, 2015 2:44:41 AM org.apache.catalina.startup.Catalina start
INFO: Server startup in 816 ms
Jul 11, 2015 2:45:14 AM org.apache.catalina.core.StandardServer await
INFO: A valid shutdown command was received via the shutdown port. Stopping the Server instance.
Jul 11, 2015 2:45:14 AM org.apache.coyote.AbstractProtocol pause
INFO: Pausing ProtocolHandler ["http-bio-80"]
Jul 11, 2015 2:45:14 AM org.apache.coyote.AbstractProtocol pause
INFO: Pausing ProtocolHandler ["ajp-bio-8009"]
Jul 11, 2015 2:45:14 AM org.apache.catalina.core.StandardService stopInternal
INFO: Stopping service Catalina
Jul 11, 2015 2:45:14 AM org.apache.coyote.AbstractProtocol stop
INFO: Stopping ProtocolHandler ["ajp-bio-8009"]
Jul 11, 2015 2:45:14 AM org.apache.coyote.AbstractProtocol stop
INFO: Stopping ProtocolHandler ["http-bio-80"]
Jul 11, 2015 2:45:14 AM org.apache.coyote.AbstractProtocol destroy
INFO: Destroying ProtocolHandler ["http-bio-80"]
Jul 11, 2015 2:45:14 AM org.apache.coyote.AbstractProtocol destroy
INFO: Destroying ProtocolHandler ["ajp-bio-8009"]
Jul 11, 2015 2:45:19 AM org.apache.catalina.core.AprLifecycleListener init
INFO: The APR based Apache Tomcat Native library which allows optimal performance in production environments was not found on the java.library.path: /usr/java/packages/lib/amd64:/usr/lib64:/lib64:/lib:/usr/lib
Jul 11, 2015 2:45:19 AM org.apache.coyote.AbstractProtocol init
INFO: Initializing ProtocolHandler ["http-bio-80"]
Jul 11, 2015 2:45:19 AM org.apache.coyote.AbstractProtocol init
SEVERE: Failed to initialize end point associated with ProtocolHandler ["http-bio-80"]
java.net.BindException: Permission denied <null>:80
	at org.apache.tomcat.util.net.JIoEndpoint.bind(JIoEndpoint.java:406)
	at org.apache.tomcat.util.net.AbstractEndpoint.init(AbstractEndpoint.java:610)
	at org.apache.coyote.AbstractProtocol.init(AbstractProtocol.java:429)
	at org.apache.coyote.http11.AbstractHttp11JsseProtocol.init(AbstractHttp11JsseProtocol.java:119)
	at org.apache.catalina.connector.Connector.initInternal(Connector.java:981)
	at org.apache.catalina.util.LifecycleBase.init(LifecycleBase.java:102)
	at org.apache.catalina.core.StandardService.initInternal(StandardService.java:559)
	at org.apache.catalina.util.LifecycleBase.init(LifecycleBase.java:102)
	at org.apache.catalina.core.StandardServer.initInternal(StandardServer.java:814)
	at org.apache.catalina.util.LifecycleBase.init(LifecycleBase.java:102)
	at org.apache.catalina.startup.Catalina.load(Catalina.java:633)
	at org.apache.catalina.startup.Catalina.load(Catalina.java:658)
	at sun.reflect.NativeMethodAccessorImpl.invoke0(Native Method)
	at sun.reflect.NativeMethodAccessorImpl.invoke(NativeMethodAccessorImpl.java:57)
	at sun.reflect.DelegatingMethodAccessorImpl.invoke(DelegatingMethodAccessorImpl.java:43)
	at java.lang.reflect.Method.invoke(Method.java:601)
	at org.apache.catalina.startup.Bootstrap.load(Bootstrap.java:281)
	at org.apache.catalina.startup.Bootstrap.main(Bootstrap.java:450)
Caused by: java.net.BindException: Permission denied
	at java.net.PlainSocketImpl.socketBind(Native Method)
	at java.net.AbstractPlainSocketImpl.bind(AbstractPlainSocketImpl.java:376)
	at java.net.ServerSocket.bind(ServerSocket.java:376)
	at java.net.ServerSocket.<init>(ServerSocket.java:237)
	at java.net.ServerSocket.<init>(ServerSocket.java:181)
	at org.apache.tomcat.util.net.DefaultServerSocketFactory.createSocket(DefaultServerSocketFactory.java:49)
	at org.apache.tomcat.util.net.JIoEndpoint.bind(JIoEndpoint.java:393)
	... 17 more

Jul 11, 2015 2:45:19 AM org.apache.catalina.core.StandardService initInternal
SEVERE: Failed to initialize connector [Connector[HTTP/1.1-80]]
org.apache.catalina.LifecycleException: Failed to initialize component [Connector[HTTP/1.1-80]]
	at org.apache.catalina.util.LifecycleBase.init(LifecycleBase.java:106)
	at org.apache.catalina.core.StandardService.initInternal(StandardService.java:559)
	at org.apache.catalina.util.LifecycleBase.init(LifecycleBase.java:102)
	at org.apache.catalina.core.StandardServer.initInternal(StandardServer.java:814)
	at org.apache.catalina.util.LifecycleBase.init(LifecycleBase.java:102)
	at org.apache.catalina.startup.Catalina.load(Catalina.java:633)
	at org.apache.catalina.startup.Catalina.load(Catalina.java:658)
	at sun.reflect.NativeMethodAccessorImpl.invoke0(Native Method)
	at sun.reflect.NativeMethodAccessorImpl.invoke(NativeMethodAccessorImpl.java:57)
	at sun.reflect.DelegatingMethodAccessorImpl.invoke(DelegatingMethodAccessorImpl.java:43)
	at java.lang.reflect.Method.invoke(Method.java:601)
	at org.apache.catalina.startup.Bootstrap.load(Bootstrap.java:281)
	at org.apache.catalina.startup.Bootstrap.main(Bootstrap.java:450)
Caused by: org.apache.catalina.LifecycleException: Protocol handler initialization failed
	at org.apache.catalina.connector.Connector.initInternal(Connector.java:983)
	at org.apache.catalina.util.LifecycleBase.init(LifecycleBase.java:102)
	... 12 more
Caused by: java.net.BindException: Permission denied <null>:80
	at org.apache.tomcat.util.net.JIoEndpoint.bind(JIoEndpoint.java:406)
	at org.apache.tomcat.util.net.AbstractEndpoint.init(AbstractEndpoint.java:610)
	at org.apache.coyote.AbstractProtocol.init(AbstractProtocol.java:429)
	at org.apache.coyote.http11.AbstractHttp11JsseProtocol.init(AbstractHttp11JsseProtocol.java:119)
	at org.apache.catalina.connector.Connector.initInternal(Connector.java:981)
	... 13 more
Caused by: java.net.BindException: Permission denied
	at java.net.PlainSocketImpl.socketBind(Native Method)
	at java.net.AbstractPlainSocketImpl.bind(AbstractPlainSocketImpl.java:376)
	at java.net.ServerSocket.bind(ServerSocket.java:376)
	at java.net.ServerSocket.<init>(ServerSocket.java:237)
	at java.net.ServerSocket.<init>(ServerSocket.java:181)
	at org.apache.tomcat.util.net.DefaultServerSocketFactory.createSocket(DefaultServerSocketFactory.java:49)
	at org.apache.tomcat.util.net.JIoEndpoint.bind(JIoEndpoint.java:393)
	... 17 more

Jul 11, 2015 2:45:19 AM org.apache.coyote.AbstractProtocol init
INFO: Initializing ProtocolHandler ["ajp-bio-8009"]
Jul 11, 2015 2:45:19 AM org.apache.catalina.startup.Catalina load
INFO: Initialization processed in 1164 ms
Jul 11, 2015 2:45:19 AM org.apache.catalina.core.StandardService startInternal
INFO: Starting service Catalina
Jul 11, 2015 2:45:19 AM org.apache.catalina.core.StandardEngine startInternal
INFO: Starting Servlet Engine: Apache Tomcat/7.0.32
Jul 11, 2015 2:45:19 AM org.apache.catalina.startup.HostConfig deployDirectory
INFO: Deploying web application directory /home/lt/d_s/game_data/NumberBabyLianMeng
Jul 11, 2015 2:45:35 AM org.apache.catalina.util.SessionIdGenerator createSecureRandom
INFO: Creation of SecureRandom instance for session ID generation using [SHA1PRNG] took [14,804] milliseconds.
Jul 11, 2015 2:45:35 AM org.apache.coyote.AbstractProtocol start
INFO: Starting ProtocolHandler ["ajp-bio-8009"]
Jul 11, 2015 2:45:35 AM org.apache.catalina.startup.Catalina start
INFO: Server startup in 15578 ms
Jul 11, 2015 2:49:56 AM org.apache.catalina.core.StandardServer await
INFO: A valid shutdown command was received via the shutdown port. Stopping the Server instance.
Jul 11, 2015 2:49:56 AM org.apache.coyote.AbstractProtocol pause
INFO: Pausing ProtocolHandler ["http-bio-80"]
Jul 11, 2015 2:49:56 AM org.apache.coyote.AbstractProtocol pause
INFO: Pausing ProtocolHandler ["ajp-bio-8009"]
Jul 11, 2015 2:49:56 AM org.apache.catalina.core.StandardService stopInternal
INFO: Stopping service Catalina
Jul 11, 2015 2:49:56 AM org.apache.coyote.AbstractProtocol stop
INFO: Stopping ProtocolHandler ["ajp-bio-8009"]
Jul 11, 2015 2:49:56 AM org.apache.coyote.AbstractProtocol stop
INFO: Stopping ProtocolHandler ["http-bio-80"]
Jul 11, 2015 2:49:56 AM org.apache.coyote.AbstractProtocol destroy
INFO: Destroying ProtocolHandler ["http-bio-80"]
Jul 11, 2015 2:49:56 AM org.apache.coyote.AbstractProtocol destroy
INFO: Destroying ProtocolHandler ["ajp-bio-8009"]
Jul 11, 2015 2:51:45 AM org.apache.catalina.core.AprLifecycleListener init
INFO: The APR based Apache Tomcat Native library which allows optimal performance in production environments was not found on the java.library.path: /usr/java/packages/lib/amd64:/usr/lib64:/lib64:/lib:/usr/lib
Jul 11, 2015 2:51:46 AM org.apache.coyote.AbstractProtocol init
INFO: Initializing ProtocolHandler ["http-bio-80"]
Jul 11, 2015 2:51:46 AM org.apache.coyote.AbstractProtocol init
INFO: Initializing ProtocolHandler ["ajp-bio-8009"]
Jul 11, 2015 2:51:46 AM org.apache.catalina.startup.Catalina load
INFO: Initialization processed in 1162 ms
Jul 11, 2015 2:51:46 AM org.apache.catalina.core.StandardService startInternal
INFO: Starting service Catalina
Jul 11, 2015 2:51:46 AM org.apache.catalina.core.StandardEngine startInternal
INFO: Starting Servlet Engine: Apache Tomcat/7.0.32
Jul 11, 2015 2:51:46 AM org.apache.catalina.startup.HostConfig deployDirectory
INFO: Deploying web application directory /home/lt/d_s/game_data/NumberBabyLianMeng
Jul 11, 2015 2:51:47 AM org.apache.coyote.AbstractProtocol start
INFO: Starting ProtocolHandler ["http-bio-80"]
Jul 11, 2015 2:51:47 AM org.apache.coyote.AbstractProtocol start
INFO: Starting ProtocolHandler ["ajp-bio-8009"]
Jul 11, 2015 2:51:47 AM org.apache.catalina.startup.Catalina start
INFO: Server startup in 848 ms
Jul 11, 2015 2:53:57 AM org.apache.catalina.startup.HostConfig deleteRedeployResources
INFO: Undeploying context [/NumberBabyLianMeng]
