一月 24, 2015 3:52:15 下午 org.apache.catalina.core.AprLifecycleListener init
INFO: The APR based Apache Tomcat Native library which allows optimal performance in production environments was not found on the java.library.path: /usr/local/lib:/usr/java/packages/lib/amd64:/usr/lib64:/lib64:/lib:/usr/lib
一月 24, 2015 3:52:15 下午 org.apache.coyote.AbstractProtocol init
INFO: Initializing ProtocolHandler ["http-bio-8080"]
一月 24, 2015 3:52:15 下午 org.apache.coyote.AbstractProtocol init
INFO: Initializing ProtocolHandler ["ajp-bio-8009"]
一月 24, 2015 3:52:15 下午 org.apache.catalina.startup.Catalina load
INFO: Initialization processed in 381 ms
一月 24, 2015 3:52:15 下午 org.apache.catalina.core.StandardService startInternal
INFO: Starting service Catalina
一月 24, 2015 3:52:15 下午 org.apache.catalina.core.StandardEngine startInternal
INFO: Starting Servlet Engine: Apache Tomcat/7.0.32
一月 24, 2015 3:52:15 下午 org.apache.catalina.startup.HostConfig deployDirectory
INFO: Deploying web application directory /home/oem/develop/webserver/apache-tomcat-7.0.32/webapps/ROOT
一月 24, 2015 3:52:15 下午 org.apache.catalina.startup.HostConfig deployDirectory
INFO: Deploying web application directory /home/oem/develop/webserver/apache-tomcat-7.0.32/webapps/examples
一月 24, 2015 3:52:15 下午 org.apache.catalina.startup.HostConfig deployDirectory
INFO: Deploying web application directory /home/oem/develop/webserver/apache-tomcat-7.0.32/webapps/host-manager
一月 24, 2015 3:52:15 下午 org.apache.catalina.startup.HostConfig deployDirectory
INFO: Deploying web application directory /home/oem/develop/webserver/apache-tomcat-7.0.32/webapps/docs
一月 24, 2015 3:52:15 下午 org.apache.catalina.startup.HostConfig deployDirectory
INFO: Deploying web application directory /home/oem/develop/webserver/apache-tomcat-7.0.32/webapps/manager
一月 24, 2015 3:52:15 下午 org.apache.coyote.AbstractProtocol start
INFO: Starting ProtocolHandler ["http-bio-8080"]
一月 24, 2015 3:52:15 下午 org.apache.coyote.AbstractProtocol start
INFO: Starting ProtocolHandler ["ajp-bio-8009"]
一月 24, 2015 3:52:15 下午 org.apache.catalina.startup.Catalina start
INFO: Server startup in 704 ms
一月 24, 2015 3:52:29 下午 org.apache.catalina.core.StandardServer await
INFO: A valid shutdown command was received via the shutdown port. Stopping the Server instance.
一月 24, 2015 3:52:29 下午 org.apache.coyote.AbstractProtocol pause
INFO: Pausing ProtocolHandler ["http-bio-8080"]
一月 24, 2015 3:52:29 下午 org.apache.coyote.AbstractProtocol pause
INFO: Pausing ProtocolHandler ["ajp-bio-8009"]
一月 24, 2015 3:52:29 下午 org.apache.catalina.core.StandardService stopInternal
INFO: Stopping service Catalina
一月 24, 2015 3:52:29 下午 org.apache.coyote.AbstractProtocol stop
INFO: Stopping ProtocolHandler ["http-bio-8080"]
一月 24, 2015 3:52:29 下午 org.apache.coyote.AbstractProtocol stop
INFO: Stopping ProtocolHandler ["ajp-bio-8009"]
一月 24, 2015 3:52:29 下午 org.apache.coyote.AbstractProtocol destroy
INFO: Destroying ProtocolHandler ["http-bio-8080"]
一月 24, 2015 3:52:29 下午 org.apache.coyote.AbstractProtocol destroy
INFO: Destroying ProtocolHandler ["ajp-bio-8009"]
