九月 12, 2014 11:20:21 上午 org.apache.catalina.core.ApplicationContext log
INFO: ContextListener: contextInitialized()
九月 12, 2014 11:20:21 上午 org.apache.catalina.core.ApplicationContext log
INFO: SessionListener: contextInitialized()
九月 12, 2014 11:20:21 上午 org.apache.catalina.core.ApplicationContext log
INFO: ContextListener: attributeAdded('org.apache.jasper.compiler.TldLocationsCache', 'org.apache.jasper.compiler.TldLocationsCache@3614b648')
九月 12, 2014 11:54:52 上午 org.apache.catalina.core.ApplicationContext log
INFO: SessionListener: contextDestroyed()
九月 12, 2014 11:54:52 上午 org.apache.catalina.core.ApplicationContext log
INFO: ContextListener: contextDestroyed()
九月 12, 2014 1:36:12 下午 org.apache.catalina.core.ApplicationContext log
INFO: ContextListener: contextInitialized()
九月 12, 2014 1:36:12 下午 org.apache.catalina.core.ApplicationContext log
INFO: SessionListener: contextInitialized()
九月 12, 2014 1:36:12 下午 org.apache.catalina.core.ApplicationContext log
INFO: ContextListener: attributeAdded('org.apache.jasper.compiler.TldLocationsCache', 'org.apache.jasper.compiler.TldLocationsCache@53fb9d58')
九月 12, 2014 1:36:44 下午 org.apache.catalina.core.ApplicationContext log
INFO: SessionListener: contextDestroyed()
九月 12, 2014 1:36:44 下午 org.apache.catalina.core.ApplicationContext log
INFO: ContextListener: contextDestroyed()
九月 12, 2014 1:48:35 下午 org.apache.catalina.core.ApplicationContext log
INFO: ContextListener: contextInitialized()
九月 12, 2014 1:48:35 下午 org.apache.catalina.core.ApplicationContext log
INFO: SessionListener: contextInitialized()
九月 12, 2014 1:48:35 下午 org.apache.catalina.core.ApplicationContext log
INFO: ContextListener: attributeAdded('org.apache.jasper.compiler.TldLocationsCache', 'org.apache.jasper.compiler.TldLocationsCache@53fb9d58')
九月 12, 2014 1:59:55 下午 org.apache.catalina.core.ApplicationContext log
INFO: SessionListener: contextDestroyed()
九月 12, 2014 1:59:55 下午 org.apache.catalina.core.ApplicationContext log
INFO: ContextListener: contextDestroyed()
