五月 31, 2015 1:40:12 下午 org.apache.catalina.core.ApplicationContext log
INFO: ContextListener: contextInitialized()
五月 31, 2015 1:40:12 下午 org.apache.catalina.core.ApplicationContext log
INFO: SessionListener: contextInitialized()
五月 31, 2015 1:40:12 下午 org.apache.catalina.core.ApplicationContext log
INFO: ContextListener: attributeAdded('org.apache.jasper.compiler.TldLocationsCache', 'org.apache.jasper.compiler.TldLocationsCache@4a13a8ee')
五月 31, 2015 1:44:10 下午 org.apache.catalina.core.ApplicationContext log
INFO: SessionListener: contextDestroyed()
五月 31, 2015 1:44:10 下午 org.apache.catalina.core.ApplicationContext log
INFO: ContextListener: contextDestroyed()
五月 31, 2015 1:44:16 下午 org.apache.catalina.core.ApplicationContext log
INFO: ContextListener: contextInitialized()
五月 31, 2015 1:44:16 下午 org.apache.catalina.core.ApplicationContext log
INFO: SessionListener: contextInitialized()
五月 31, 2015 1:44:16 下午 org.apache.catalina.core.ApplicationContext log
INFO: ContextListener: attributeAdded('org.apache.jasper.compiler.TldLocationsCache', 'org.apache.jasper.compiler.TldLocationsCache@b29b889')
五月 31, 2015 1:50:49 下午 org.apache.catalina.core.ApplicationContext log
INFO: SessionListener: contextDestroyed()
五月 31, 2015 1:50:49 下午 org.apache.catalina.core.ApplicationContext log
INFO: ContextListener: contextDestroyed()
五月 31, 2015 1:51:02 下午 org.apache.catalina.core.ApplicationContext log
INFO: ContextListener: contextInitialized()
五月 31, 2015 1:51:02 下午 org.apache.catalina.core.ApplicationContext log
INFO: SessionListener: contextInitialized()
五月 31, 2015 1:51:02 下午 org.apache.catalina.core.ApplicationContext log
INFO: ContextListener: attributeAdded('org.apache.jasper.compiler.TldLocationsCache', 'org.apache.jasper.compiler.TldLocationsCache@60123018')
五月 31, 2015 2:01:20 下午 org.apache.catalina.core.ApplicationContext log
INFO: SessionListener: contextDestroyed()
五月 31, 2015 2:01:20 下午 org.apache.catalina.core.ApplicationContext log
INFO: ContextListener: contextDestroyed()
五月 31, 2015 2:02:16 下午 org.apache.catalina.core.ApplicationContext log
INFO: ContextListener: contextInitialized()
五月 31, 2015 2:02:16 下午 org.apache.catalina.core.ApplicationContext log
INFO: SessionListener: contextInitialized()
五月 31, 2015 2:02:16 下午 org.apache.catalina.core.ApplicationContext log
INFO: ContextListener: attributeAdded('org.apache.jasper.compiler.TldLocationsCache', 'org.apache.jasper.compiler.TldLocationsCache@4a13a8ee')
五月 31, 2015 2:02:55 下午 org.apache.catalina.core.ApplicationContext log
INFO: SessionListener: contextDestroyed()
五月 31, 2015 2:02:55 下午 org.apache.catalina.core.ApplicationContext log
INFO: ContextListener: contextDestroyed()
五月 31, 2015 2:02:58 下午 org.apache.catalina.core.ApplicationContext log
INFO: ContextListener: contextInitialized()
五月 31, 2015 2:02:58 下午 org.apache.catalina.core.ApplicationContext log
INFO: SessionListener: contextInitialized()
五月 31, 2015 2:02:58 下午 org.apache.catalina.core.ApplicationContext log
INFO: ContextListener: attributeAdded('org.apache.jasper.compiler.TldLocationsCache', 'org.apache.jasper.compiler.TldLocationsCache@2dd92573')
五月 31, 2015 2:03:20 下午 org.apache.catalina.core.ApplicationContext log
INFO: SessionListener: contextDestroyed()
五月 31, 2015 2:03:20 下午 org.apache.catalina.core.ApplicationContext log
INFO: ContextListener: contextDestroyed()
