十月 15, 2012 9:53:53 下午 org.apache.catalina.core.ApplicationContext log
INFO: ContextListener: contextInitialized()
十月 15, 2012 9:53:53 下午 org.apache.catalina.core.ApplicationContext log
INFO: SessionListener: contextInitialized()
十月 15, 2012 9:53:53 下午 org.apache.catalina.core.ApplicationContext log
INFO: ContextListener: attributeAdded('org.apache.jasper.compiler.TldLocationsCache', 'org.apache.jasper.compiler.TldLocationsCache@23d9b6a')
十月 15, 2012 9:53:59 下午 org.apache.catalina.core.ApplicationContext log
INFO: SessionListener: contextDestroyed()
十月 15, 2012 9:53:59 下午 org.apache.catalina.core.ApplicationContext log
INFO: ContextListener: contextDestroyed()
十月 15, 2012 9:54:03 下午 org.apache.catalina.core.ApplicationContext log
INFO: ContextListener: contextInitialized()
十月 15, 2012 9:54:03 下午 org.apache.catalina.core.ApplicationContext log
INFO: SessionListener: contextInitialized()
十月 15, 2012 9:54:03 下午 org.apache.catalina.core.ApplicationContext log
INFO: ContextListener: attributeAdded('org.apache.jasper.compiler.TldLocationsCache', 'org.apache.jasper.compiler.TldLocationsCache@15dd4b30')
十月 15, 2012 9:54:23 下午 org.apache.catalina.core.ApplicationContext log
INFO: SessionListener: contextDestroyed()
十月 15, 2012 9:54:23 下午 org.apache.catalina.core.ApplicationContext log
INFO: ContextListener: contextDestroyed()
