2014-7-7 14:42:29 org.apache.catalina.core.ApplicationContext log
信息: ContextListener: contextInitialized()
2014-7-7 14:42:29 org.apache.catalina.core.ApplicationContext log
信息: SessionListener: contextInitialized()
2014-7-7 14:42:29 org.apache.catalina.core.ApplicationContext log
信息: ContextListener: attributeAdded('org.apache.jasper.compiler.TldLocationsCache', 'org.apache.jasper.compiler.TldLocationsCache@31a3ca10')
2014-7-7 14:43:07 org.apache.catalina.core.ApplicationContext log
信息: SessionListener: contextDestroyed()
2014-7-7 14:43:07 org.apache.catalina.core.ApplicationContext log
信息: ContextListener: contextDestroyed()
2014-7-7 14:45:19 org.apache.catalina.core.ApplicationContext log
信息: ContextListener: contextInitialized()
2014-7-7 14:45:19 org.apache.catalina.core.ApplicationContext log
信息: SessionListener: contextInitialized()
2014-7-7 14:45:19 org.apache.catalina.core.ApplicationContext log
信息: ContextListener: attributeAdded('org.apache.jasper.compiler.TldLocationsCache', 'org.apache.jasper.compiler.TldLocationsCache@41759d12')
2014-7-7 14:47:30 org.apache.catalina.core.StandardContext listenerStart
严重: Error configuring application listener of class org.opensolaris.opengrok.web.WebappListener
java.lang.UnsupportedClassVersionError: org/opensolaris/opengrok/web/WebappListener : Unsupported major.minor version 51.0 (unable to load class org.opensolaris.opengrok.web.WebappListener)
	at org.apache.catalina.loader.WebappClassLoader.findClassInternal(WebappClassLoader.java:2908)
	at org.apache.catalina.loader.WebappClassLoader.findClass(WebappClassLoader.java:1173)
	at org.apache.catalina.loader.WebappClassLoader.loadClass(WebappClassLoader.java:1681)
	at org.apache.catalina.loader.WebappClassLoader.loadClass(WebappClassLoader.java:1559)
	at org.apache.catalina.core.DefaultInstanceManager.loadClass(DefaultInstanceManager.java:532)
	at org.apache.catalina.core.DefaultInstanceManager.loadClassMaybePrivileged(DefaultInstanceManager.java:514)
	at org.apache.catalina.core.DefaultInstanceManager.newInstance(DefaultInstanceManager.java:133)
	at org.apache.catalina.core.StandardContext.listenerStart(StandardContext.java:4727)
	at org.apache.catalina.core.StandardContext.startInternal(StandardContext.java:5285)
	at org.apache.catalina.util.LifecycleBase.start(LifecycleBase.java:150)
	at org.apache.catalina.core.ContainerBase.addChildInternal(ContainerBase.java:901)
	at org.apache.catalina.core.ContainerBase.addChild(ContainerBase.java:877)
	at org.apache.catalina.core.StandardHost.addChild(StandardHost.java:633)
	at org.apache.catalina.startup.HostConfig.deployWAR(HostConfig.java:968)
	at org.apache.catalina.startup.HostConfig$DeployWar.run(HostConfig.java:1646)
	at java.util.concurrent.Executors$RunnableAdapter.call(Executors.java:439)
	at java.util.concurrent.FutureTask$Sync.innerRun(FutureTask.java:303)
	at java.util.concurrent.FutureTask.run(FutureTask.java:138)
	at java.util.concurrent.ThreadPoolExecutor$Worker.runTask(ThreadPoolExecutor.java:886)
	at java.util.concurrent.ThreadPoolExecutor$Worker.run(ThreadPoolExecutor.java:908)
	at java.lang.Thread.run(Thread.java:662)
2014-7-7 14:47:30 org.apache.catalina.core.StandardContext listenerStart
严重: Skipped installing application listeners due to previous error(s)
2014-7-7 14:49:37 org.apache.catalina.core.ApplicationContext log
信息: SessionListener: contextDestroyed()
2014-7-7 14:49:37 org.apache.catalina.core.ApplicationContext log
信息: ContextListener: contextDestroyed()
七月 07, 2014 3:42:12 下午 org.apache.catalina.core.ApplicationContext log
INFO: ContextListener: contextInitialized()
七月 07, 2014 3:42:12 下午 org.apache.catalina.core.ApplicationContext log
INFO: SessionListener: contextInitialized()
七月 07, 2014 3:42:12 下午 org.apache.catalina.core.ApplicationContext log
INFO: ContextListener: attributeAdded('org.apache.jasper.compiler.TldLocationsCache', 'org.apache.jasper.compiler.TldLocationsCache@264fe658')
七月 07, 2014 3:43:31 下午 org.apache.catalina.core.ApplicationContext log
INFO: SessionListener: contextDestroyed()
七月 07, 2014 3:43:31 下午 org.apache.catalina.core.ApplicationContext log
INFO: ContextListener: contextDestroyed()
2014-7-7 15:44:02 org.apache.catalina.core.StandardContext listenerStart
严重: Error configuring application listener of class org.opensolaris.opengrok.web.WebappListener
java.lang.UnsupportedClassVersionError: org/opensolaris/opengrok/web/WebappListener : Unsupported major.minor version 51.0 (unable to load class org.opensolaris.opengrok.web.WebappListener)
	at org.apache.catalina.loader.WebappClassLoader.findClassInternal(WebappClassLoader.java:2908)
	at org.apache.catalina.loader.WebappClassLoader.findClass(WebappClassLoader.java:1173)
	at org.apache.catalina.loader.WebappClassLoader.loadClass(WebappClassLoader.java:1681)
	at org.apache.catalina.loader.WebappClassLoader.loadClass(WebappClassLoader.java:1559)
	at org.apache.catalina.core.DefaultInstanceManager.loadClass(DefaultInstanceManager.java:532)
	at org.apache.catalina.core.DefaultInstanceManager.loadClassMaybePrivileged(DefaultInstanceManager.java:514)
	at org.apache.catalina.core.DefaultInstanceManager.newInstance(DefaultInstanceManager.java:133)
	at org.apache.catalina.core.StandardContext.listenerStart(StandardContext.java:4727)
	at org.apache.catalina.core.StandardContext.startInternal(StandardContext.java:5285)
	at org.apache.catalina.util.LifecycleBase.start(LifecycleBase.java:150)
	at org.apache.catalina.core.ContainerBase.addChildInternal(ContainerBase.java:901)
	at org.apache.catalina.core.ContainerBase.addChild(ContainerBase.java:877)
	at org.apache.catalina.core.StandardHost.addChild(StandardHost.java:633)
	at org.apache.catalina.startup.HostConfig.deployWAR(HostConfig.java:968)
	at org.apache.catalina.startup.HostConfig$DeployWar.run(HostConfig.java:1646)
	at java.util.concurrent.Executors$RunnableAdapter.call(Executors.java:439)
	at java.util.concurrent.FutureTask$Sync.innerRun(FutureTask.java:303)
	at java.util.concurrent.FutureTask.run(FutureTask.java:138)
	at java.util.concurrent.ThreadPoolExecutor$Worker.runTask(ThreadPoolExecutor.java:886)
	at java.util.concurrent.ThreadPoolExecutor$Worker.run(ThreadPoolExecutor.java:908)
	at java.lang.Thread.run(Thread.java:662)
2014-7-7 15:44:02 org.apache.catalina.core.StandardContext listenerStart
严重: Skipped installing application listeners due to previous error(s)
2014-7-7 15:44:02 org.apache.catalina.core.ApplicationContext log
信息: ContextListener: contextInitialized()
2014-7-7 15:44:02 org.apache.catalina.core.ApplicationContext log
信息: SessionListener: contextInitialized()
2014-7-7 15:44:02 org.apache.catalina.core.ApplicationContext log
信息: ContextListener: attributeAdded('org.apache.jasper.compiler.TldLocationsCache', 'org.apache.jasper.compiler.TldLocationsCache@2052d1a4')
2014-7-7 15:44:47 org.apache.catalina.core.ApplicationContext log
信息: SessionListener: contextDestroyed()
2014-7-7 15:44:47 org.apache.catalina.core.ApplicationContext log
信息: ContextListener: contextDestroyed()
七月 07, 2014 3:44:57 下午 org.apache.catalina.core.ApplicationContext log
INFO: ContextListener: contextInitialized()
七月 07, 2014 3:44:57 下午 org.apache.catalina.core.ApplicationContext log
INFO: SessionListener: contextInitialized()
七月 07, 2014 3:44:57 下午 org.apache.catalina.core.ApplicationContext log
INFO: ContextListener: attributeAdded('org.apache.jasper.compiler.TldLocationsCache', 'org.apache.jasper.compiler.TldLocationsCache@2702fe37')
七月 07, 2014 4:08:15 下午 org.apache.catalina.core.ApplicationContext log
INFO: SessionListener: contextDestroyed()
七月 07, 2014 4:08:15 下午 org.apache.catalina.core.ApplicationContext log
INFO: ContextListener: contextDestroyed()
七月 07, 2014 4:09:59 下午 org.apache.catalina.core.ApplicationContext log
INFO: ContextListener: contextInitialized()
七月 07, 2014 4:09:59 下午 org.apache.catalina.core.ApplicationContext log
INFO: SessionListener: contextInitialized()
七月 07, 2014 4:09:59 下午 org.apache.catalina.core.ApplicationContext log
INFO: ContextListener: attributeAdded('org.apache.jasper.compiler.TldLocationsCache', 'org.apache.jasper.compiler.TldLocationsCache@2b71245d')
七月 07, 2014 4:22:38 下午 org.apache.catalina.core.ApplicationContext log
INFO: SessionListener: contextDestroyed()
七月 07, 2014 4:22:38 下午 org.apache.catalina.core.ApplicationContext log
INFO: ContextListener: contextDestroyed()
七月 07, 2014 5:27:27 下午 org.apache.catalina.core.ApplicationContext log
INFO: ContextListener: contextInitialized()
七月 07, 2014 5:27:27 下午 org.apache.catalina.core.ApplicationContext log
INFO: SessionListener: contextInitialized()
七月 07, 2014 5:27:27 下午 org.apache.catalina.core.ApplicationContext log
INFO: ContextListener: attributeAdded('org.apache.jasper.compiler.TldLocationsCache', 'org.apache.jasper.compiler.TldLocationsCache@4ed98965')
七月 07, 2014 5:30:34 下午 org.apache.catalina.core.ApplicationContext log
INFO: SessionListener: contextDestroyed()
七月 07, 2014 5:30:34 下午 org.apache.catalina.core.ApplicationContext log
INFO: ContextListener: contextDestroyed()
